2022-12-12 16:53:39,633 - 准备开始识别
2022-12-12 16:53:40,297 - 识别成功
2022-12-12 16:53:40,298 - 1670835219634
2022-12-12 16:53:40,298 - 1670835220298
2022-12-12 16:53:40,299 - 664
2022-12-12 16:53:40,304 - ===============================================================
2022-12-12 16:53:43,889 - 准备开始识别
2022-12-12 16:53:44,620 - 识别成功
2022-12-12 16:53:44,620 - 1670835223890
2022-12-12 16:53:44,620 - 1670835224620
2022-12-12 16:53:44,621 - 730
2022-12-12 16:53:44,622 - ===============================================================
2022-12-12 16:53:49,579 - 准备开始识别
2022-12-12 16:53:50,383 - 识别成功
2022-12-12 16:53:50,384 - 1670835229579
2022-12-12 16:53:50,385 - 1670835230384
2022-12-12 16:53:50,386 - 805
2022-12-12 16:53:50,387 - ===============================================================
2022-12-12 16:53:55,049 - 准备开始识别
2022-12-12 16:53:55,773 - 识别成功
2022-12-12 16:53:55,775 - 1670835235050
2022-12-12 16:53:55,777 - 1670835235773
2022-12-12 16:53:55,777 - 723
2022-12-12 16:53:55,779 - ===============================================================
2022-12-12 16:54:09,933 - 准备开始识别
2022-12-12 16:54:10,711 - 识别成功
2022-12-12 16:54:10,712 - 1670835249934
2022-12-12 16:54:10,712 - 1670835250710
2022-12-12 16:54:10,712 - 776
2022-12-12 16:54:10,713 - ===============================================================
2022-12-12 16:54:19,933 - 准备开始识别
2022-12-12 16:54:20,637 - 识别成功
2022-12-12 16:54:20,638 - 1670835259933
2022-12-12 16:54:20,638 - 1670835260638
2022-12-12 16:54:20,639 - 705
2022-12-12 16:54:20,640 - ===============================================================
2022-12-12 16:54:25,355 - 准备开始识别
2022-12-12 16:54:25,841 - 识别成功
2022-12-12 16:54:25,842 - 1670835265355
2022-12-12 16:54:25,842 - 1670835265841
2022-12-12 16:54:25,843 - 486
2022-12-12 16:54:25,844 - ===============================================================
2022-12-12 16:54:29,989 - 准备开始识别
2022-12-12 16:54:30,798 - 识别成功
2022-12-12 16:54:30,799 - 1670835269989
2022-12-12 16:54:30,799 - 1670835270799
2022-12-12 16:54:30,799 - 810
2022-12-12 16:54:30,800 - ===============================================================
2022-12-12 16:54:37,034 - 准备开始识别
2022-12-12 16:54:37,813 - 识别成功
2022-12-12 16:54:37,813 - 1670835277034
2022-12-12 16:54:37,814 - 1670835277813
2022-12-12 16:54:37,814 - 779
2022-12-12 16:54:37,815 - ===============================================================
2022-12-12 16:54:42,460 - 准备开始识别
2022-12-12 16:54:43,182 - 识别成功
2022-12-12 16:54:43,182 - 1670835282461
2022-12-12 16:54:43,182 - 1670835283182
2022-12-12 16:54:43,183 - 721
2022-12-12 16:54:43,184 - ===============================================================
2022-12-12 16:54:47,411 - 准备开始识别
2022-12-12 16:54:47,790 - 识别成功
2022-12-12 16:54:47,791 - 1670835287412
2022-12-12 16:54:47,792 - 1670835287791
2022-12-12 16:54:47,792 - 379
2022-12-12 16:54:47,793 - ===============================================================
2022-12-12 16:54:52,736 - 准备开始识别
2022-12-12 16:54:53,458 - 识别成功
2022-12-12 16:54:53,459 - 1670835292737
2022-12-12 16:54:53,459 - 1670835293458
2022-12-12 16:54:53,459 - 721
2022-12-12 16:54:53,461 - ===============================================================
2022-12-12 16:55:01,185 - 准备开始识别
2022-12-12 16:55:03,408 - 识别成功
2022-12-12 16:55:03,409 - 1670835301185
2022-12-12 16:55:03,410 - 1670835303409
2022-12-12 16:55:03,410 - 2224
2022-12-12 16:55:03,411 - ===============================================================
2022-12-12 16:55:12,339 - 准备开始识别
2022-12-12 16:55:13,073 - 识别成功
2022-12-12 16:55:13,074 - 1670835312340
2022-12-12 16:55:13,074 - 1670835313073
2022-12-12 16:55:13,074 - 733
2022-12-12 16:55:13,075 - ===============================================================
2022-12-12 16:55:16,593 - 准备开始识别
2022-12-12 16:55:17,051 - 识别成功
2022-12-12 16:55:17,052 - 1670835316593
2022-12-12 16:55:17,052 - 1670835317051
2022-12-12 16:55:17,053 - 458
2022-12-12 16:55:17,054 - ===============================================================
2022-12-12 16:55:25,117 - 准备开始识别
2022-12-12 16:55:25,836 - 识别成功
2022-12-12 16:55:25,836 - 1670835325118
2022-12-12 16:55:25,836 - 1670835325836
2022-12-12 16:55:25,837 - 718
2022-12-12 16:55:25,838 - ===============================================================
2022-12-12 16:55:30,604 - 准备开始识别
2022-12-12 16:55:31,061 - 识别成功
2022-12-12 16:55:31,063 - 1670835330604
2022-12-12 16:55:31,063 - 1670835331062
2022-12-12 16:55:31,063 - 458
2022-12-12 16:55:31,065 - ===============================================================
2022-12-12 16:55:35,474 - 准备开始识别
2022-12-12 16:55:36,294 - 识别成功
2022-12-12 16:55:36,295 - 1670835335474
2022-12-12 16:55:36,295 - 1670835336294
2022-12-12 16:55:36,296 - 820
2022-12-12 16:55:36,297 - ===============================================================
2022-12-12 16:55:39,732 - 准备开始识别
2022-12-12 16:55:40,135 - 识别成功
2022-12-12 16:55:40,136 - 1670835339733
2022-12-12 16:55:40,136 - 1670835340135
2022-12-12 16:55:40,136 - 402
2022-12-12 16:55:40,137 - ===============================================================
2022-12-12 16:55:43,588 - 准备开始识别
2022-12-12 16:55:44,370 - 识别成功
2022-12-12 16:55:44,372 - 1670835343588
2022-12-12 16:55:44,372 - 1670835344370
2022-12-12 16:55:44,372 - 782
2022-12-12 16:55:44,373 - ===============================================================
2022-12-12 16:55:47,844 - 准备开始识别
2022-12-12 16:55:48,560 - 识别成功
2022-12-12 16:55:48,561 - 1670835347844
2022-12-12 16:55:48,561 - 1670835348561
2022-12-12 16:55:48,562 - 717
2022-12-12 16:55:48,563 - ===============================================================
2022-12-12 16:55:52,728 - 准备开始识别
2022-12-12 16:55:53,512 - 识别成功
2022-12-12 16:55:53,513 - 1670835352728
2022-12-12 16:55:53,513 - 1670835353512
2022-12-12 16:55:53,514 - 784
2022-12-12 16:55:53,515 - ===============================================================
2022-12-12 16:55:59,411 - 准备开始识别
2022-12-12 16:56:00,124 - 识别成功
2022-12-12 16:56:00,125 - 1670835359411
2022-12-12 16:56:00,125 - 1670835360124
2022-12-12 16:56:00,126 - 713
2022-12-12 16:56:00,127 - ===============================================================
2022-12-12 16:56:08,134 - 准备开始识别
2022-12-12 16:56:08,933 - 识别成功
2022-12-12 16:56:08,934 - 1670835368134
2022-12-12 16:56:08,934 - 1670835368934
2022-12-12 16:56:08,935 - 800
2022-12-12 16:56:08,936 - ===============================================================
2022-12-12 16:56:18,890 - 准备开始识别
2022-12-12 16:56:19,684 - 识别成功
2022-12-12 16:56:19,685 - 1670835378891
2022-12-12 16:56:19,686 - 1670835379685
2022-12-12 16:56:19,686 - 794
2022-12-12 16:56:19,688 - ===============================================================
2022-12-12 16:56:25,790 - 准备开始识别
2022-12-12 16:56:26,470 - 识别成功
2022-12-12 16:56:26,471 - 1670835385790
2022-12-12 16:56:26,471 - 1670835386471
2022-12-12 16:56:26,471 - 681
2022-12-12 16:56:26,472 - ===============================================================
2022-12-12 16:56:30,056 - 准备开始识别
2022-12-12 16:56:30,533 - 识别成功
2022-12-12 16:56:30,534 - 1670835390056
2022-12-12 16:56:30,534 - 1670835390533
2022-12-12 16:56:30,534 - 477
2022-12-12 16:56:30,535 - ===============================================================
2022-12-12 16:56:37,357 - 准备开始识别
2022-12-12 16:56:38,076 - 识别成功
2022-12-12 16:56:38,077 - 1670835397358
2022-12-12 16:56:38,077 - 1670835398076
2022-12-12 16:56:38,078 - 718
2022-12-12 16:56:38,079 - ===============================================================
2022-12-12 16:56:41,626 - 准备开始识别
2022-12-12 16:56:42,000 - 识别成功
2022-12-12 16:56:42,001 - 1670835401627
2022-12-12 16:56:42,001 - 1670835402000
2022-12-12 16:56:42,002 - 373
2022-12-12 16:56:42,003 - ===============================================================
2022-12-12 16:56:48,320 - 准备开始识别
2022-12-12 16:56:48,990 - 识别成功
2022-12-12 16:56:48,991 - 1670835408320
2022-12-12 16:56:48,991 - 1670835408991
2022-12-12 16:56:48,992 - 671
2022-12-12 16:56:48,993 - ===============================================================
2022-12-12 16:56:55,014 - 准备开始识别
2022-12-12 16:56:55,700 - 识别成功
2022-12-12 16:56:55,701 - 1670835415015
2022-12-12 16:56:55,701 - 1670835415700
2022-12-12 16:56:55,701 - 685
2022-12-12 16:56:55,703 - ===============================================================
2022-12-12 16:57:00,492 - 准备开始识别
2022-12-12 16:57:01,211 - 识别成功
2022-12-12 16:57:01,212 - 1670835420493
2022-12-12 16:57:01,212 - 1670835421211
2022-12-12 16:57:01,212 - 718
2022-12-12 16:57:01,214 - ===============================================================
2022-12-12 16:57:04,955 - 准备开始识别
2022-12-12 16:57:05,340 - 识别成功
2022-12-12 16:57:05,341 - 1670835424956
2022-12-12 16:57:05,341 - 1670835425340
2022-12-12 16:57:05,342 - 384
2022-12-12 16:57:05,343 - ===============================================================
2022-12-12 16:57:12,054 - 准备开始识别
2022-12-12 16:57:12,726 - 识别成功
2022-12-12 16:57:12,726 - 1670835432054
2022-12-12 16:57:12,727 - 1670835432727
2022-12-12 16:57:12,727 - 673
2022-12-12 16:57:12,728 - ===============================================================
2022-12-12 16:57:16,913 - 准备开始识别
2022-12-12 16:57:17,359 - 识别成功
2022-12-12 16:57:17,359 - 1670835436913
2022-12-12 16:57:17,359 - 1670835437359
2022-12-12 16:57:17,360 - 446
2022-12-12 16:57:17,361 - ===============================================================
2022-12-12 16:57:21,174 - 准备开始识别
2022-12-12 16:57:21,889 - 识别成功
2022-12-12 16:57:21,890 - 1670835441175
2022-12-12 16:57:21,891 - 1670835441889
2022-12-12 16:57:21,891 - 714
2022-12-12 16:57:21,892 - ===============================================================
2022-12-12 16:57:26,054 - 准备开始识别
2022-12-12 16:57:27,164 - 识别成功
2022-12-12 16:57:27,165 - 1670835446054
2022-12-12 16:57:27,165 - 1670835447164
2022-12-12 16:57:27,166 - 1110
2022-12-12 16:57:27,167 - ===============================================================
2022-12-12 16:57:32,640 - 准备开始识别
2022-12-12 16:57:33,319 - 识别成功
2022-12-12 16:57:33,320 - 1670835452641
2022-12-12 16:57:33,321 - 1670835453319
2022-12-12 16:57:33,321 - 678
2022-12-12 16:57:33,323 - ===============================================================
2022-12-12 16:57:36,806 - 准备开始识别
2022-12-12 16:57:37,228 - 识别成功
2022-12-12 16:57:37,228 - 1670835456806
2022-12-12 16:57:37,229 - 1670835457229
2022-12-12 16:57:37,229 - 423
2022-12-12 16:57:37,230 - ===============================================================
2022-12-12 16:57:41,463 - 准备开始识别
2022-12-12 16:57:42,192 - 识别成功
2022-12-12 16:57:42,192 - 1670835461464
2022-12-12 16:57:42,193 - 1670835462193
2022-12-12 16:57:42,193 - 729
2022-12-12 16:57:42,194 - ===============================================================
2022-12-12 16:57:46,329 - 准备开始识别
2022-12-12 16:57:47,039 - 识别成功
2022-12-12 16:57:47,040 - 1670835466330
2022-12-12 16:57:47,040 - 1670835467039
2022-12-12 16:57:47,040 - 709
2022-12-12 16:57:47,041 - ===============================================================
2022-12-12 16:57:51,192 - 准备开始识别
2022-12-12 16:57:52,005 - 识别成功
2022-12-12 16:57:52,006 - 1670835471193
2022-12-12 16:57:52,007 - 1670835472005
2022-12-12 16:57:52,007 - 812
2022-12-12 16:57:52,008 - ===============================================================
2022-12-12 16:57:58,700 - 准备开始识别
2022-12-12 16:57:59,412 - 识别成功
2022-12-12 16:57:59,413 - 1670835478701
2022-12-12 16:57:59,413 - 1670835479413
2022-12-12 16:57:59,413 - 712
2022-12-12 16:57:59,414 - ===============================================================
2022-12-12 16:58:03,363 - 准备开始识别
2022-12-12 16:58:03,759 - 识别成功
2022-12-12 16:58:03,760 - 1670835483364
2022-12-12 16:58:03,760 - 1670835483759
2022-12-12 16:58:03,760 - 395
2022-12-12 16:58:03,761 - ===============================================================
2022-12-12 16:58:09,242 - 准备开始识别
2022-12-12 16:58:10,042 - 识别成功
2022-12-12 16:58:10,043 - 1670835489242
2022-12-12 16:58:10,043 - 1670835490043
2022-12-12 16:58:10,044 - 801
2022-12-12 16:58:10,045 - ===============================================================
2022-12-12 16:58:16,364 - 准备开始识别
2022-12-12 16:58:17,080 - 识别成功
2022-12-12 16:58:17,081 - 1670835496364
2022-12-12 16:58:17,081 - 1670835497080
2022-12-12 16:58:17,081 - 716
2022-12-12 16:58:17,082 - ===============================================================
2022-12-12 16:58:21,643 - 准备开始识别
2022-12-12 16:58:22,024 - 识别成功
2022-12-12 16:58:22,025 - 1670835501643
2022-12-12 16:58:22,025 - 1670835502024
2022-12-12 16:58:22,026 - 381
2022-12-12 16:58:22,027 - ===============================================================
2022-12-12 16:58:29,330 - 准备开始识别
2022-12-12 16:58:30,108 - 识别成功
2022-12-12 16:58:30,109 - 1670835509331
2022-12-12 16:58:30,110 - 1670835510109
2022-12-12 16:58:30,110 - 778
2022-12-12 16:58:30,111 - ===============================================================
2022-12-12 16:58:33,581 - 准备开始识别
2022-12-12 16:58:33,968 - 识别成功
2022-12-12 16:58:33,968 - 1670835513582
2022-12-12 16:58:33,968 - 1670835513968
2022-12-12 16:58:33,969 - 386
2022-12-12 16:58:33,970 - ===============================================================
2022-12-12 16:58:39,081 - 准备开始识别
2022-12-12 16:58:39,847 - 识别成功
2022-12-12 16:58:39,848 - 1670835519082
2022-12-12 16:58:39,848 - 1670835519848
2022-12-12 16:58:39,849 - 766
2022-12-12 16:58:39,850 - 692.76
2022-12-12 16:58:39,850 - ===============================================================
