2022-12-12 16:47:27,499 - 准备开始识别
2022-12-12 16:47:27,788 - 识别成功
2022-12-12 16:47:27,789 - 1670834847500
2022-12-12 16:47:27,789 - 1670834847788
2022-12-12 16:47:27,790 - 288
2022-12-12 16:47:27,790 - ===============================================================
2022-12-12 16:47:39,924 - 准备开始识别
2022-12-12 16:47:40,247 - 识别成功
2022-12-12 16:47:40,248 - 1670834859924
2022-12-12 16:47:40,248 - 1670834860248
2022-12-12 16:47:40,248 - 324
2022-12-12 16:47:40,249 - ===============================================================
2022-12-12 16:47:43,801 - 准备开始识别
2022-12-12 16:47:44,267 - 识别成功
2022-12-12 16:47:44,267 - 1670834863802
2022-12-12 16:47:44,268 - 1670834864267
2022-12-12 16:47:44,269 - 465
2022-12-12 16:47:44,270 - ===============================================================
2022-12-12 16:47:49,259 - 准备开始识别
2022-12-12 16:47:49,607 - 识别成功
2022-12-12 16:47:49,608 - 1670834869259
2022-12-12 16:47:49,608 - 1670834869607
2022-12-12 16:47:49,608 - 348
2022-12-12 16:47:49,609 - ===============================================================
2022-12-12 16:47:53,125 - 准备开始识别
2022-12-12 16:47:53,475 - 识别成功
2022-12-12 16:47:53,476 - 1670834873125
2022-12-12 16:47:53,476 - 1670834873475
2022-12-12 16:47:53,477 - 350
2022-12-12 16:47:53,478 - ===============================================================
2022-12-12 16:47:59,215 - 准备开始识别
2022-12-12 16:47:59,632 - 识别成功
2022-12-12 16:47:59,633 - 1670834879216
2022-12-12 16:47:59,633 - 1670834879632
2022-12-12 16:47:59,633 - 416
2022-12-12 16:47:59,634 - ===============================================================
2022-12-12 16:48:04,493 - 准备开始识别
2022-12-12 16:48:04,785 - 识别成功
2022-12-12 16:48:04,786 - 1670834884493
2022-12-12 16:48:04,786 - 1670834884785
2022-12-12 16:48:04,787 - 292
2022-12-12 16:48:04,788 - ===============================================================
2022-12-12 16:48:10,373 - 准备开始识别
2022-12-12 16:48:10,735 - 识别成功
2022-12-12 16:48:10,737 - 1670834890374
2022-12-12 16:48:10,737 - 1670834890736
2022-12-12 16:48:10,738 - 362
2022-12-12 16:48:10,738 - ===============================================================
2022-12-12 16:48:14,435 - 准备开始识别
2022-12-12 16:48:14,784 - 识别成功
2022-12-12 16:48:14,785 - 1670834894435
2022-12-12 16:48:14,785 - 1670834894785
2022-12-12 16:48:14,785 - 350
2022-12-12 16:48:14,786 - ===============================================================
2022-12-12 16:48:20,327 - 准备开始识别
2022-12-12 16:48:20,699 - 识别成功
2022-12-12 16:48:20,699 - 1670834900328
2022-12-12 16:48:20,700 - 1670834900699
2022-12-12 16:48:20,700 - 371
2022-12-12 16:48:20,701 - ===============================================================
2022-12-12 16:48:25,975 - 准备开始识别
2022-12-12 16:48:26,370 - 识别成功
2022-12-12 16:48:26,371 - 1670834905976
2022-12-12 16:48:26,371 - 1670834906371
2022-12-12 16:48:26,371 - 395
2022-12-12 16:48:26,372 - ===============================================================
2022-12-12 16:48:38,593 - 准备开始识别
2022-12-12 16:48:38,938 - 识别成功
2022-12-12 16:48:38,939 - 1670834918594
2022-12-12 16:48:38,939 - 1670834918939
2022-12-12 16:48:38,940 - 345
2022-12-12 16:48:38,941 - ===============================================================
2022-12-12 16:48:44,040 - 准备开始识别
2022-12-12 16:48:44,447 - 识别成功
2022-12-12 16:48:44,448 - 1670834924041
2022-12-12 16:48:44,448 - 1670834924448
2022-12-12 16:48:44,449 - 407
2022-12-12 16:48:44,450 - ===============================================================
2022-12-12 16:48:50,776 - 准备开始识别
2022-12-12 16:48:51,151 - 识别成功
2022-12-12 16:48:51,152 - 1670834930776
2022-12-12 16:48:51,153 - 1670834931152
2022-12-12 16:48:51,153 - 376
2022-12-12 16:48:51,154 - ===============================================================
2022-12-12 16:48:58,475 - 准备开始识别
2022-12-12 16:48:58,761 - 识别成功
2022-12-12 16:48:58,763 - 1670834938476
2022-12-12 16:48:58,763 - 1670834938761
2022-12-12 16:48:58,763 - 285
2022-12-12 16:48:58,764 - ===============================================================
2022-12-12 16:49:02,318 - 准备开始识别
2022-12-12 16:49:02,633 - 识别成功
2022-12-12 16:49:02,634 - 1670834942319
2022-12-12 16:49:02,635 - 1670834942633
2022-12-12 16:49:02,635 - 314
2022-12-12 16:49:02,636 - ===============================================================
2022-12-12 16:49:07,673 - 准备开始识别
2022-12-12 16:49:07,997 - 识别成功
2022-12-12 16:49:07,998 - 1670834947674
2022-12-12 16:49:07,998 - 1670834947997
2022-12-12 16:49:07,998 - 323
2022-12-12 16:49:07,999 - ===============================================================
2022-12-12 16:49:13,075 - 准备开始识别
2022-12-12 16:49:13,377 - 识别成功
2022-12-12 16:49:13,378 - 1670834953075
2022-12-12 16:49:13,378 - 1670834953377
2022-12-12 16:49:13,379 - 302
2022-12-12 16:49:13,379 - ===============================================================
2022-12-12 16:49:17,750 - 准备开始识别
2022-12-12 16:49:18,060 - 识别成功
2022-12-12 16:49:18,061 - 1670834957750
2022-12-12 16:49:18,062 - 1670834958061
2022-12-12 16:49:18,062 - 311
2022-12-12 16:49:18,063 - ===============================================================
2022-12-12 16:49:22,619 - 准备开始识别
2022-12-12 16:49:22,931 - 识别成功
2022-12-12 16:49:22,932 - 1670834962620
2022-12-12 16:49:22,933 - 1670834962932
2022-12-12 16:49:22,933 - 312
2022-12-12 16:49:22,934 - ===============================================================
2022-12-12 16:49:27,500 - 准备开始识别
2022-12-12 16:49:27,826 - 识别成功
2022-12-12 16:49:27,827 - 1670834967501
2022-12-12 16:49:27,827 - 1670834967826
2022-12-12 16:49:27,827 - 325
2022-12-12 16:49:27,828 - ===============================================================
2022-12-12 16:49:31,347 - 准备开始识别
2022-12-12 16:49:31,666 - 识别成功
2022-12-12 16:49:31,667 - 1670834971348
2022-12-12 16:49:31,667 - 1670834971666
2022-12-12 16:49:31,667 - 318
2022-12-12 16:49:31,668 - ===============================================================
2022-12-12 16:49:37,631 - 准备开始识别
2022-12-12 16:49:38,229 - 识别成功
2022-12-12 16:49:38,230 - 1670834977631
2022-12-12 16:49:38,230 - 1670834978230
2022-12-12 16:49:38,230 - 599
2022-12-12 16:49:38,231 - ===============================================================
2022-12-12 16:49:42,301 - 准备开始识别
2022-12-12 16:49:42,635 - 识别成功
2022-12-12 16:49:42,636 - 1670834982302
2022-12-12 16:49:42,636 - 1670834982636
2022-12-12 16:49:42,637 - 334
2022-12-12 16:49:42,638 - ===============================================================
2022-12-12 16:49:46,974 - 准备开始识别
2022-12-12 16:49:47,310 - 识别成功
2022-12-12 16:49:47,310 - 1670834986975
2022-12-12 16:49:47,311 - 1670834987310
2022-12-12 16:49:47,311 - 335
2022-12-12 16:49:47,312 - ===============================================================
2022-12-12 16:49:51,442 - 准备开始识别
2022-12-12 16:49:51,764 - 识别成功
2022-12-12 16:49:51,764 - 1670834991443
2022-12-12 16:49:51,764 - 1670834991764
2022-12-12 16:49:51,765 - 321
2022-12-12 16:49:51,766 - ===============================================================
2022-12-12 16:49:57,300 - 准备开始识别
2022-12-12 16:49:57,892 - 识别成功
2022-12-12 16:49:57,893 - 1670834997300
2022-12-12 16:49:57,893 - 1670834997892
2022-12-12 16:49:57,894 - 592
2022-12-12 16:49:57,895 - ===============================================================
2022-12-12 16:50:13,361 - 准备开始识别
2022-12-12 16:50:14,620 - 识别成功
2022-12-12 16:50:14,621 - 1670835013362
2022-12-12 16:50:14,621 - 1670835014621
2022-12-12 16:50:14,621 - 1259
2022-12-12 16:50:14,622 - ===============================================================
2022-12-12 16:50:18,237 - 准备开始识别
2022-12-12 16:50:18,850 - 识别成功
2022-12-12 16:50:18,851 - 1670835018238
2022-12-12 16:50:18,851 - 1670835018850
2022-12-12 16:50:18,852 - 612
2022-12-12 16:50:18,852 - ===============================================================
2022-12-12 16:50:24,720 - 准备开始识别
2022-12-12 16:50:25,250 - 识别成功
2022-12-12 16:50:25,251 - 1670835024721
2022-12-12 16:50:25,251 - 1670835025250
2022-12-12 16:50:25,252 - 529
2022-12-12 16:50:25,253 - ===============================================================
2022-12-12 16:50:28,795 - 准备开始识别
2022-12-12 16:50:29,341 - 识别成功
2022-12-12 16:50:29,342 - 1670835028795
2022-12-12 16:50:29,342 - 1670835029342
2022-12-12 16:50:29,342 - 547
2022-12-12 16:50:29,343 - ===============================================================
2022-12-12 16:50:32,854 - 准备开始识别
2022-12-12 16:50:33,396 - 识别成功
2022-12-12 16:50:33,397 - 1670835032854
2022-12-12 16:50:33,398 - 1670835033396
2022-12-12 16:50:33,398 - 542
2022-12-12 16:50:33,399 - ===============================================================
2022-12-12 16:50:37,723 - 准备开始识别
2022-12-12 16:50:38,302 - 识别成功
2022-12-12 16:50:38,303 - 1670835037724
2022-12-12 16:50:38,303 - 1670835038302
2022-12-12 16:50:38,304 - 578
2022-12-12 16:50:38,304 - ===============================================================
2022-12-12 16:50:43,615 - 准备开始识别
2022-12-12 16:50:44,231 - 识别成功
2022-12-12 16:50:44,232 - 1670835043616
2022-12-12 16:50:44,232 - 1670835044232
2022-12-12 16:50:44,232 - 616
2022-12-12 16:50:44,233 - ===============================================================
2022-12-12 16:50:50,096 - 准备开始识别
2022-12-12 16:50:50,878 - 识别成功
2022-12-12 16:50:50,879 - 1670835050096
2022-12-12 16:50:50,879 - 1670835050878
2022-12-12 16:50:50,880 - 782
2022-12-12 16:50:50,881 - ===============================================================
2022-12-12 16:51:00,657 - 准备开始识别
2022-12-12 16:51:01,217 - 识别成功
2022-12-12 16:51:01,218 - 1670835060658
2022-12-12 16:51:01,218 - 1670835061218
2022-12-12 16:51:01,219 - 560
2022-12-12 16:51:01,219 - ===============================================================
2022-12-12 16:51:05,335 - 准备开始识别
2022-12-12 16:51:05,845 - 识别成功
2022-12-12 16:51:05,846 - 1670835065336
2022-12-12 16:51:05,846 - 1670835065845
2022-12-12 16:51:05,847 - 509
2022-12-12 16:51:05,848 - ===============================================================
2022-12-12 16:51:09,586 - 准备开始识别
2022-12-12 16:51:10,145 - 识别成功
2022-12-12 16:51:10,146 - 1670835069587
2022-12-12 16:51:10,147 - 1670835070146
2022-12-12 16:51:10,147 - 559
2022-12-12 16:51:10,148 - ===============================================================
2022-12-12 16:51:14,655 - 准备开始识别
2022-12-12 16:51:15,226 - 识别成功
2022-12-12 16:51:15,227 - 1670835074656
2022-12-12 16:51:15,228 - 1670835075227
2022-12-12 16:51:15,228 - 571
2022-12-12 16:51:15,229 - ===============================================================
2022-12-12 16:51:18,723 - 准备开始识别
2022-12-12 16:51:19,293 - 识别成功
2022-12-12 16:51:19,293 - 1670835078724
2022-12-12 16:51:19,294 - 1670835079292
2022-12-12 16:51:19,294 - 568
2022-12-12 16:51:19,295 - ===============================================================
2022-12-12 16:51:23,584 - 准备开始识别
2022-12-12 16:51:24,147 - 识别成功
2022-12-12 16:51:24,147 - 1670835083585
2022-12-12 16:51:24,148 - 1670835084148
2022-12-12 16:51:24,148 - 563
2022-12-12 16:51:24,149 - ===============================================================
2022-12-12 16:51:29,064 - 准备开始识别
2022-12-12 16:51:29,612 - 识别成功
2022-12-12 16:51:29,613 - 1670835089064
2022-12-12 16:51:29,613 - 1670835089613
2022-12-12 16:51:29,614 - 549
2022-12-12 16:51:29,614 - ===============================================================
2022-12-12 16:51:34,131 - 准备开始识别
2022-12-12 16:51:34,761 - 识别成功
2022-12-12 16:51:34,762 - 1670835094132
2022-12-12 16:51:34,763 - 1670835094761
2022-12-12 16:51:34,763 - 629
2022-12-12 16:51:34,764 - ===============================================================
2022-12-12 16:51:38,823 - 准备开始识别
2022-12-12 16:51:39,337 - 识别成功
2022-12-12 16:51:39,339 - 1670835098824
2022-12-12 16:51:39,339 - 1670835099337
2022-12-12 16:51:39,339 - 513
2022-12-12 16:51:39,340 - ===============================================================
2022-12-12 16:51:43,671 - 准备开始识别
2022-12-12 16:51:44,273 - 识别成功
2022-12-12 16:51:44,274 - 1670835103672
2022-12-12 16:51:44,274 - 1670835104273
2022-12-12 16:51:44,275 - 601
2022-12-12 16:51:44,276 - ===============================================================
2022-12-12 16:51:48,349 - 准备开始识别
2022-12-12 16:51:48,958 - 识别成功
2022-12-12 16:51:48,959 - 1670835108350
2022-12-12 16:51:48,959 - 1670835108958
2022-12-12 16:51:48,959 - 608
2022-12-12 16:51:48,960 - ===============================================================
2022-12-12 16:51:52,420 - 准备开始识别
2022-12-12 16:51:52,983 - 识别成功
2022-12-12 16:51:52,984 - 1670835112420
2022-12-12 16:51:52,984 - 1670835112984
2022-12-12 16:51:52,985 - 564
2022-12-12 16:51:52,986 - ===============================================================
2022-12-12 16:51:56,465 - 准备开始识别
2022-12-12 16:51:57,075 - 识别成功
2022-12-12 16:51:57,076 - 1670835116466
2022-12-12 16:51:57,076 - 1670835117075
2022-12-12 16:51:57,076 - 609
2022-12-12 16:51:57,077 - ===============================================================
2022-12-12 16:52:00,524 - 准备开始识别
2022-12-12 16:52:00,970 - 识别成功
2022-12-12 16:52:00,970 - 1670835120525
2022-12-12 16:52:00,970 - 1670835120970
2022-12-12 16:52:00,971 - 445
2022-12-12 16:52:00,972 - ===============================================================
2022-12-12 16:52:10,072 - 准备开始识别
2022-12-12 16:52:10,822 - 识别成功
2022-12-12 16:52:10,823 - 1670835130073
2022-12-12 16:52:10,824 - 1670835130823
2022-12-12 16:52:10,824 - 750
2022-12-12 16:52:10,824 - 476.46
2022-12-12 16:52:10,825 - ===============================================================
