2022-12-12 17:00:28,209 - 准备开始识别
2022-12-12 17:00:28,760 - 识别成功
2022-12-12 17:00:28,761 - 1670835628210
2022-12-12 17:00:28,762 - 1670835628761
2022-12-12 17:00:28,762 - 551
2022-12-12 17:00:28,763 - ===============================================================
2022-12-12 17:00:33,739 - 准备开始识别
2022-12-12 17:00:34,398 - 识别成功
2022-12-12 17:00:34,399 - 1670835633740
2022-12-12 17:00:34,399 - 1670835634399
2022-12-12 17:00:34,400 - 659
2022-12-12 17:00:34,401 - ===============================================================
2022-12-12 17:00:38,191 - 准备开始识别
2022-12-12 17:00:38,818 - 识别成功
2022-12-12 17:00:38,819 - 1670835638192
2022-12-12 17:00:38,820 - 1670835638819
2022-12-12 17:00:38,820 - 627
2022-12-12 17:00:38,822 - ===============================================================
2022-12-12 17:00:44,100 - 准备开始识别
2022-12-12 17:00:44,847 - 识别成功
2022-12-12 17:00:44,848 - 1670835644100
2022-12-12 17:00:44,848 - 1670835644848
2022-12-12 17:00:44,848 - 748
2022-12-12 17:00:44,849 - ===============================================================
2022-12-12 17:00:49,820 - 准备开始识别
2022-12-12 17:00:50,478 - 识别成功
2022-12-12 17:00:50,479 - 1670835649820
2022-12-12 17:00:50,480 - 1670835650479
2022-12-12 17:00:50,480 - 659
2022-12-12 17:00:50,481 - ===============================================================
2022-12-12 17:00:56,334 - 准备开始识别
2022-12-12 17:00:57,143 - 识别成功
2022-12-12 17:00:57,144 - 1670835656334
2022-12-12 17:00:57,144 - 1670835657144
2022-12-12 17:00:57,145 - 810
2022-12-12 17:00:57,146 - ===============================================================
2022-12-12 17:01:01,818 - 准备开始识别
2022-12-12 17:01:02,563 - 识别成功
2022-12-12 17:01:02,564 - 1670835661819
2022-12-12 17:01:02,564 - 1670835662564
2022-12-12 17:01:02,565 - 745
2022-12-12 17:01:02,566 - ===============================================================
2022-12-12 17:01:06,714 - 准备开始识别
2022-12-12 17:01:07,480 - 识别成功
2022-12-12 17:01:07,481 - 1670835666715
2022-12-12 17:01:07,481 - 1670835667480
2022-12-12 17:01:07,481 - 765
2022-12-12 17:01:07,483 - ===============================================================
2022-12-12 17:01:11,447 - 准备开始识别
2022-12-12 17:01:12,106 - 识别成功
2022-12-12 17:01:12,107 - 1670835671447
2022-12-12 17:01:12,107 - 1670835672106
2022-12-12 17:01:12,107 - 659
2022-12-12 17:01:12,109 - ===============================================================
2022-12-12 17:01:17,718 - 准备开始识别
2022-12-12 17:01:18,409 - 识别成功
2022-12-12 17:01:18,410 - 1670835677719
2022-12-12 17:01:18,410 - 1670835678410
2022-12-12 17:01:18,411 - 691
2022-12-12 17:01:18,412 - ===============================================================
2022-12-12 17:01:23,007 - 准备开始识别
2022-12-12 17:01:23,741 - 识别成功
2022-12-12 17:01:23,742 - 1670835683008
2022-12-12 17:01:23,742 - 1670835683741
2022-12-12 17:01:23,742 - 733
2022-12-12 17:01:23,744 - ===============================================================
2022-12-12 17:01:24,840 - 准备开始识别
2022-12-12 17:01:25,574 - 识别成功
2022-12-12 17:01:25,575 - 1670835684841
2022-12-12 17:01:25,575 - 1670835685574
2022-12-12 17:01:25,576 - 733
2022-12-12 17:01:25,577 - ===============================================================
2022-12-12 17:01:29,748 - 准备开始识别
2022-12-12 17:01:30,405 - 识别成功
2022-12-12 17:01:30,407 - 1670835689748
2022-12-12 17:01:30,407 - 1670835690406
2022-12-12 17:01:30,407 - 658
2022-12-12 17:01:30,408 - ===============================================================
2022-12-12 17:01:35,035 - 准备开始识别
2022-12-12 17:01:35,763 - 识别成功
2022-12-12 17:01:35,764 - 1670835695035
2022-12-12 17:01:35,764 - 1670835695763
2022-12-12 17:01:35,765 - 728
2022-12-12 17:01:35,766 - ===============================================================
2022-12-12 17:01:40,162 - 准备开始识别
2022-12-12 17:01:40,821 - 识别成功
2022-12-12 17:01:40,822 - 1670835700162
2022-12-12 17:01:40,822 - 1670835700821
2022-12-12 17:01:40,823 - 659
2022-12-12 17:01:40,824 - ===============================================================
2022-12-12 17:01:44,407 - 准备开始识别
2022-12-12 17:01:45,069 - 识别成功
2022-12-12 17:01:45,070 - 1670835704408
2022-12-12 17:01:45,070 - 1670835705069
2022-12-12 17:01:45,070 - 661
2022-12-12 17:01:45,071 - ===============================================================
2022-12-12 17:01:51,327 - 准备开始识别
2022-12-12 17:01:51,951 - 识别成功
2022-12-12 17:01:51,951 - 1670835711328
2022-12-12 17:01:51,952 - 1670835711951
2022-12-12 17:01:51,952 - 623
2022-12-12 17:01:51,953 - ===============================================================
2022-12-12 17:01:55,614 - 准备开始识别
2022-12-12 17:01:56,335 - 识别成功
2022-12-12 17:01:56,337 - 1670835715614
2022-12-12 17:01:56,337 - 1670835716336
2022-12-12 17:01:56,337 - 722
2022-12-12 17:01:56,339 - ===============================================================
2022-12-12 17:02:00,495 - 准备开始识别
2022-12-12 17:02:00,986 - 识别成功
2022-12-12 17:02:00,986 - 1670835720496
2022-12-12 17:02:00,986 - 1670835720986
2022-12-12 17:02:00,987 - 490
2022-12-12 17:02:00,988 - ===============================================================
2022-12-12 17:02:05,177 - 准备开始识别
2022-12-12 17:02:05,638 - 识别成功
2022-12-12 17:02:05,639 - 1670835725178
2022-12-12 17:02:05,639 - 1670835725638
2022-12-12 17:02:05,640 - 460
2022-12-12 17:02:05,641 - ===============================================================
2022-12-12 17:02:09,481 - 准备开始识别
2022-12-12 17:02:10,324 - 识别成功
2022-12-12 17:02:10,324 - 1670835729482
2022-12-12 17:02:10,324 - 1670835730324
2022-12-12 17:02:10,325 - 842
2022-12-12 17:02:10,326 - ===============================================================
2022-12-12 17:02:16,178 - 准备开始识别
2022-12-12 17:02:17,005 - 识别成功
2022-12-12 17:02:17,005 - 1670835736178
2022-12-12 17:02:17,005 - 1670835737005
2022-12-12 17:02:17,006 - 827
2022-12-12 17:02:17,007 - ===============================================================
2022-12-12 17:02:21,930 - 准备开始识别
2022-12-12 17:02:22,679 - 识别成功
2022-12-12 17:02:22,680 - 1670835741930
2022-12-12 17:02:22,680 - 1670835742679
2022-12-12 17:02:22,680 - 749
2022-12-12 17:02:22,682 - ===============================================================
2022-12-12 17:02:27,595 - 准备开始识别
2022-12-12 17:02:28,343 - 识别成功
2022-12-12 17:02:28,344 - 1670835747596
2022-12-12 17:02:28,345 - 1670835748344
2022-12-12 17:02:28,345 - 748
2022-12-12 17:02:28,346 - ===============================================================
2022-12-12 17:02:31,866 - 准备开始识别
2022-12-12 17:02:32,587 - 识别成功
2022-12-12 17:02:32,587 - 1670835751866
2022-12-12 17:02:32,587 - 1670835752587
2022-12-12 17:02:32,588 - 721
2022-12-12 17:02:32,589 - ===============================================================
2022-12-12 17:02:36,353 - 准备开始识别
2022-12-12 17:02:37,131 - 识别成功
2022-12-12 17:02:37,132 - 1670835756354
2022-12-12 17:02:37,133 - 1670835757131
2022-12-12 17:02:37,133 - 777
2022-12-12 17:02:37,134 - ===============================================================
2022-12-12 17:02:40,837 - 准备开始识别
2022-12-12 17:02:41,598 - 识别成功
2022-12-12 17:02:41,599 - 1670835760838
2022-12-12 17:02:41,599 - 1670835761598
2022-12-12 17:02:41,599 - 760
2022-12-12 17:02:41,600 - ===============================================================
2022-12-12 17:02:45,926 - 准备开始识别
2022-12-12 17:02:46,633 - 识别成功
2022-12-12 17:02:46,634 - 1670835765927
2022-12-12 17:02:46,635 - 1670835766633
2022-12-12 17:02:46,635 - 706
2022-12-12 17:02:46,637 - ===============================================================
2022-12-12 17:02:50,811 - 准备开始识别
2022-12-12 17:02:51,239 - 识别成功
2022-12-12 17:02:51,240 - 1670835770812
2022-12-12 17:02:51,240 - 1670835771240
2022-12-12 17:02:51,240 - 428
2022-12-12 17:02:51,242 - ===============================================================
2022-12-12 17:02:55,292 - 准备开始识别
2022-12-12 17:02:55,974 - 识别成功
2022-12-12 17:02:55,975 - 1670835775292
2022-12-12 17:02:55,975 - 1670835775975
2022-12-12 17:02:55,976 - 683
2022-12-12 17:02:55,977 - ===============================================================
2022-12-12 17:02:59,578 - 准备开始识别
2022-12-12 17:03:00,356 - 识别成功
2022-12-12 17:03:00,358 - 1670835779578
2022-12-12 17:03:00,358 - 1670835780357
2022-12-12 17:03:00,358 - 779
2022-12-12 17:03:00,360 - ===============================================================
2022-12-12 17:03:04,682 - 准备开始识别
2022-12-12 17:03:05,446 - 识别成功
2022-12-12 17:03:05,447 - 1670835784683
2022-12-12 17:03:05,447 - 1670835785447
2022-12-12 17:03:05,448 - 764
2022-12-12 17:03:05,449 - ===============================================================
2022-12-12 17:03:09,144 - 准备开始识别
2022-12-12 17:03:09,556 - 识别成功
2022-12-12 17:03:09,557 - 1670835789145
2022-12-12 17:03:09,557 - 1670835789556
2022-12-12 17:03:09,558 - 411
2022-12-12 17:03:09,559 - ===============================================================
2022-12-12 17:03:14,239 - 准备开始识别
2022-12-12 17:03:14,956 - 识别成功
2022-12-12 17:03:14,957 - 1670835794239
2022-12-12 17:03:14,957 - 1670835794956
2022-12-12 17:03:14,957 - 717
2022-12-12 17:03:14,959 - ===============================================================
2022-12-12 17:03:21,170 - 准备开始识别
2022-12-12 17:03:21,886 - 识别成功
2022-12-12 17:03:21,887 - 1670835801171
2022-12-12 17:03:21,887 - 1670835801887
2022-12-12 17:03:21,887 - 716
2022-12-12 17:03:21,889 - ===============================================================
2022-12-12 17:03:26,054 - 准备开始识别
2022-12-12 17:03:26,541 - 识别成功
2022-12-12 17:03:26,542 - 1670835806054
2022-12-12 17:03:26,542 - 1670835806542
2022-12-12 17:03:26,543 - 488
2022-12-12 17:03:26,544 - ===============================================================
2022-12-12 17:03:33,389 - 准备开始识别
2022-12-12 17:03:34,155 - 识别成功
2022-12-12 17:03:34,155 - 1670835813390
2022-12-12 17:03:34,155 - 1670835814155
2022-12-12 17:03:34,156 - 765
2022-12-12 17:03:34,157 - ===============================================================
2022-12-12 17:03:37,663 - 准备开始识别
2022-12-12 17:03:38,060 - 识别成功
2022-12-12 17:03:38,061 - 1670835817663
2022-12-12 17:03:38,062 - 1670835818061
2022-12-12 17:03:38,062 - 398
2022-12-12 17:03:38,063 - ===============================================================
2022-12-12 17:03:41,541 - 准备开始识别
2022-12-12 17:03:42,305 - 识别成功
2022-12-12 17:03:42,306 - 1670835821541
2022-12-12 17:03:42,306 - 1670835822306
2022-12-12 17:03:42,307 - 765
2022-12-12 17:03:42,308 - ===============================================================
2022-12-12 17:03:45,805 - 准备开始识别
2022-12-12 17:03:46,509 - 识别成功
2022-12-12 17:03:46,509 - 1670835825806
2022-12-12 17:03:46,510 - 1670835826509
2022-12-12 17:03:46,510 - 703
2022-12-12 17:03:46,511 - ===============================================================
2022-12-12 17:03:54,362 - 准备开始识别
2022-12-12 17:03:55,141 - 识别成功
2022-12-12 17:03:55,142 - 1670835834362
2022-12-12 17:03:55,142 - 1670835835142
2022-12-12 17:03:55,143 - 780
2022-12-12 17:03:55,144 - ===============================================================
2022-12-12 17:03:58,636 - 准备开始识别
2022-12-12 17:03:59,049 - 识别成功
2022-12-12 17:03:59,050 - 1670835838636
2022-12-12 17:03:59,050 - 1670835839049
2022-12-12 17:03:59,050 - 413
2022-12-12 17:03:59,051 - ===============================================================
2022-12-12 17:04:03,529 - 准备开始识别
2022-12-12 17:04:04,260 - 识别成功
2022-12-12 17:04:04,261 - 1670835843529
2022-12-12 17:04:04,261 - 1670835844260
2022-12-12 17:04:04,261 - 731
2022-12-12 17:04:04,263 - ===============================================================
2022-12-12 17:04:07,816 - 准备开始识别
2022-12-12 17:04:08,593 - 识别成功
2022-12-12 17:04:08,593 - 1670835847817
2022-12-12 17:04:08,594 - 1670835848594
2022-12-12 17:04:08,594 - 777
2022-12-12 17:04:08,595 - ===============================================================
2022-12-12 17:04:12,889 - 准备开始识别
2022-12-12 17:04:13,620 - 识别成功
2022-12-12 17:04:13,621 - 1670835852890
2022-12-12 17:04:13,621 - 1670835853621
2022-12-12 17:04:13,622 - 731
2022-12-12 17:04:13,623 - ===============================================================
2022-12-12 17:04:18,193 - 准备开始识别
2022-12-12 17:04:18,653 - 识别成功
2022-12-12 17:04:18,654 - 1670835858194
2022-12-12 17:04:18,654 - 1670835858654
2022-12-12 17:04:18,655 - 460
2022-12-12 17:04:18,656 - ===============================================================
2022-12-12 17:04:24,124 - 准备开始识别
2022-12-12 17:04:24,901 - 识别成功
2022-12-12 17:04:24,901 - 1670835864124
2022-12-12 17:04:24,902 - 1670835864902
2022-12-12 17:04:24,902 - 778
2022-12-12 17:04:24,903 - ===============================================================
2022-12-12 17:04:30,620 - 准备开始识别
2022-12-12 17:04:31,432 - 识别成功
2022-12-12 17:04:31,433 - 1670835870620
2022-12-12 17:04:31,433 - 1670835871432
2022-12-12 17:04:31,433 - 812
2022-12-12 17:04:31,435 - ===============================================================
2022-12-12 17:04:34,893 - 准备开始识别
2022-12-12 17:04:35,688 - 识别成功
2022-12-12 17:04:35,689 - 1670835874893
2022-12-12 17:04:35,689 - 1670835875689
2022-12-12 17:04:35,689 - 796
2022-12-12 17:04:35,691 - ===============================================================
2022-12-12 17:04:39,788 - 准备开始识别
2022-12-12 17:04:40,476 - 识别成功
2022-12-12 17:04:40,477 - 1670835879789
2022-12-12 17:04:40,477 - 1670835880476
2022-12-12 17:04:40,477 - 687
2022-12-12 17:04:40,479 - 681.86
2022-12-12 17:04:40,479 - ===============================================================
