[2022-12-12 17:08:57]D/RV1109   [12-12 17:08:57.197] (power_on:106)[face]: power on system(...) successfully
D/RV1109   [12-12 17:08:57.197] (yd_face_pretreat_thread:169)[face]: arch_timer_reset again
[init]already inited
[2022-12-12 17:08:57][0;32m[I] miio_socket: recv string : {"id":349038154,"result":"ok"}

I/RV1109   [12-12 17:08:57.245] (yd_pm_lock_acquire:135)pm acquire:3 by yd_media_app
[0;32m[I] miio_rpc: rpc ack id: 349038154

I/RV1109   [12-12 17:08:57.246] (yd_pm_lock_release:151)pm release:2 by yd_media_app
[2022-12-12 17:08:57][DEBUG] [MX6000_MIPI_SDK] [CheckOn 51]: MX6000 checking on..., try times: 1, chip id: 0x6010
[2022-12-12 17:08:57][DEBUG] [MX6000_MIPI_SDK] [InitProxy 320]: InitProxy 320 874.236206 500.055481 -39.845085 0.057199[obcdepth]: obc_init  obcops [obcdepth]: stream_tag_t size is 14 [obcdepth]: obc_init  obc_alloc_buffer... [obcdepth]: obc_init  shiftToDepthUpdate... [shift2depth]: z0: 500.055481, baseline: -39.845085,  fx: 874.236206, zpps: 0.571991
[shift2depth]: pconfig->ndispbits = 12 
[shift2depth]: norigindisp : 0
[shift2depth]: ir_pixelsize: 0.000000, ir_focallength: 0.000000
[shift2depth]: complement = 2048
[shift2depth]: mask : 4095
[shift2depth]: config depth maxcutoff : 15000, max_depth: 15000, nPreciseUnit: 10
[obcdepth]: shiftToDepthUpdate ret =  0 [obcdepth]: init orbbec lib: 0.2.1 ok[DEBUG] [MX6000_MIPI_SDK] [DumpParams 179]: Depth parameters:
[DEBUG] [MX6000_MIPI_SDK] [DumpParams 180]: nresw: 2000
[DEBUG] [MX6000_MIPI_SDK] [DumpParams 181]: nresh: 2000
[DEBUG] [MX6000_MIPI_SDK] [DumpParams 182]: z0: 500.055481
[DEBUG] [MX6000_MIPI_SDK] [DumpParams 183]: fx: 874.236206
[DEBUG] [MX6000_MIPI_SDK] [DumpParams 184]: baseline: -39.845085
[DEBUG] [MX6000_MIPI_SDK] [DumpParams 185]: npixels: 12
[DEBUG] [MX6000_MIPI_SDK] [DumpParams 186]: ndispbits: 12
[DEBUG] [MX6000_MIPI_SDK] [DumpParams 187]: nsubdispbits: 4
[DEBUG] [MX6000_MIPI_SDK] [DumpParams 188]: nparamcoeff: 8
[DEBUG] [MX6000_MIPI_SDK] [DumpParams 189]: mipi_packed: 0
[DEBUG] [MX6000_MIPI_SDK] [DumpParams 190]: nPreciseUnit: 10
[DEBUG] [MX6000_MIPI_SDK] [DumpParams 191]: ref_left_extend: 0
[DEBUG] [MX6000_MIPI_SDK] [DumpParams 192]: ndepth_mincutoff: 1
[DEBUG] [MX6000_MIPI_SDK] [DumpParams 193]: ndepth_maxcutoff: 15000
[DEBUG] [MX6000_MIPI_SDK] [DumpParams 194]: enablefilter: 0
[DEBUG] [MX6000_MIPI_SDK] [DumpParams 195]: enable_undistort: 0
[DEBUG] [MX6000_MIPI_SDK] [DumpParams 196]: enablemedianfilter: 1
[DEBUG] [MX6000_MIPI_SDK] [DumpParams 197]: ntransfer_datatype: 12
[DEBUG] [MX6000_MIPI_SDK] [DumpParams 199]: outfmt: 1
[DEBUG] [MX6000_MIPI_SDK] [DumpParams 200]: offset: 0
[DEBUG] [MX6000_MIPI_SDK] [DumpParams 201]: maxdiff: 16
[DEBUG] [MX6000_MIPI_SDK] [DumpParams 202]: nrotation: 0
[DEBUG] [MX6000_MIPI_SDK] [DumpParams 203]: norigindisp: 0
[DEBUG] [MX6000_MIPI_SDK] [DumpParams 204]: nshiftscale: 10
[DEBUG] [MX6000_MIPI_SDK] [DumpParams 205]: nconstshift: 200
[DEBUG] [MX6000_MIPI_SDK] [DumpParams 206]: specklesize: 480
[DEBUG] [MX6000_MIPI_SDK] [DumpParams 207]: ir_pixelsize: 0.000000
[DEBUG] [MX6000_MIPI_SDK] [DumpParams 208]: npixelsizeunit: 1
[DEBUG] [MX6000_MIPI_SDK] [DumpParams 209]: ir_focallength: 0.000000
[DEBUG] [MX6000_MIPI_SDK] [DumpParams 210]: rotateDirection: 0
[DEBUG] [MX6000_MIPI_SDK] [DumpParams 211]: npixelsizefactor: 1
[DEBUG] [MX6000_MIPI_SDK] [Init 218]: REF module: v0.0.0
[DEBUG] [MX6000_MIPI_SDK] [Init 228]: Depth module: v0.2.1
[DEBUG] [MX6000_MIPI_SDK] [Init 229]: Mipi sdk version: v2.2.16
[2022-12-12 17:08:57]PAD_RPC[Info]:pad_rpc_tx_list_timeout_cb->241 tx_list_num is empty, stop timer!
[2022-12-12 17:08:58]D/RV1109   [12-12 17:08:58.714] (mi_https_write_buf:563)remove /tmp/encryptRec/1670864931_0.mp4
D/RV1109   [12-12 17:08:58.714] (mi_upload_rec_file:1955)get video_time 1670836107,lastTs 0,recordDuration 28
D/RV1109   [12-12 17:08:58.715] (http_post_fileinfo_req_packet:1450)cur_index = 4
D/RV1109   [12-12 17:08:58.716] (combain_event_times:1379)combain_event_times unclock operation-id is NULL
D/RV1109   [12-12 17:08:58.717] (http_post_fileinfo_req_packet:1524)extra_info:{"is_over":3,"video_time":1670836107,"push_type":46,"event":[{"type":"Unlock","time":1670836116},{"type":"Unlock","time":1670836119},{"type":"Unlock","time":1670836124},{"type":"Unlock","time":1670836128},{"type":"Unlock","time":1670836132}],"unlock":{"operation-id":256,"operation-method":5,"operation-position":2,"lock-action":2},"unlock":{"operation-id":256,"operation-method":5,"operation-position":2,"lock-action":2},"unlock":{E/RV1109   [12-12 17:08:58.717] (cloud_encrypt_base64:35)cloud_encrypt_base64 len_out error
[2022-12-12 17:08:58]E/RV1109   [12-12 17:08:58.721] (http_post_fileinfo_req_packet:1604)****http_post_fileinfo_req_packet out****param:POST /common/device/v2/meta?iv=ogh8zC19vs9wuhOWqNGisw&signature=ZMQSmauGAo63s06wFNXPmk6xbx00Xfc827OULtw7FM0&extraInfo=&meta=FE07OSl-3jcxIIztbGe4frGHKsvpFYHZyJjzRHgljSG0xRKro7G5XgoDD9aRtYgnNTTue89Q-8N5_791SKyrw4BZrPp-iZD5zv-pxp0838nQNPVsFlpxypJZjJit1Q1-UXP-TthJ-1J9u8BBnI_bW0mQ1-HucHXkCTgCDBkpnwBi3vijIZjx6NfouPhbLKTtaV_fSABOn-1ux3bP6jV2N6ZRlybm8xrEGkm_gJ1H2JAAM4ramAV26OMsPa8yirDdKxYpmd-agPVPsEUBD/RV1109   [12-12 17:08:58.852] (http_post_fileinfo_response_parse:1319)meta fileinfo response url data decrypt :{"result":"ok","retriable":false,"code":0,"data":{},"description":"\xe6\x88\x90\xe5\x8a\x9f","ts":1670836139452}!
E/RV1109   [12-12 17:08:58.857] (record_storage_remove_record_file:117)remove /userdata/tmp/cloud/camera0/20221212/170851_090847.mp4 file success 
delete [DELETE from cloud_record WHERE EVENT_START_UTC=1670836127 AND SLICE_INDEX=6;]
b"D/RV1109   [12-12 17:08:58.869] (record_storage_rm_empty_folder:482)can't rm today folder [/userdata/tmp/cloud/camera0/20221212]\n"
D/RV1109   [12-12 17:08:58.870] (record_list_del_slice:354)-------------del record time:1670836107, index:6, is_last_slice:0
D/RV1109   [12-12 17:08:58.871] (record_list_del_slice:369)-------------del get record time:1670836107, index:6, is_last_slice:0,slice_node_head:0xa0d34090
D/RV1109   [12-12 17:08:58.872] (mi_upload_onefile:2043)------remove slice time:1670864931, event time:1670836127
D/RV1109   [12-12 17:08:58.873] (mi_upload_onefile:2051)---is_last_ts:0---------ret:-1------
D/RV1109   [12-12 17:08:58.874] (mi_upload_get_encrypt_data:2179)now get encrypt data enter, cur_index:5
[2022-12-12 17:08:59][cs2_listen_thread][291][2022-12-12 17:08:59.581 D] PPCS_Listen error: -3(ERROR_PPCS_TIME_OUT)
[2022-12-12 17:09:00]I/lock_media [12-12 17:09:00.581] (uart_trans_packet_proc_req:161)>>>>> L2M_CMD_RPT_EVENT <<<<<
D/lock_media [12-12 17:09:00.581] (on_msg_rpt_event_proc:432)on_msg_rpt_event_proc type:3 seq_number:0
D/lock_media [12-12 17:09:00.582] (locker_other_event_proc:34)locker_other_event_proc event:0x15 timestamp:1670836139
D/RV1109   [12-12 17:09:00.583] (locker_other_event_proc:106)[event]: 1670836139 s receive and queue ultrasonic event
D/RV1109   [12-12 17:09:00.584] (yunding_cat_main:282)msg_id:10204 ota_state=0
D/RV1109   [12-12 17:09:00.584] (yunding_cat_main:1129)[event]: 1670864940584 ms dequeue ultrasonic event
D/face3d   [12-12 17:09:00.585] (yd_face_recognize_try:409)1670864940585 ms ready to capture and recognize
in day, do not switch to slave 
D/face3d   [12-12 17:09:00.586] (yd_face_recognize_try:415)1670864940586 ms had finished to open laser
get stream_cif_mipi_id0 devname: /dev/video17
camera_open: req.count=10
camera_open: planes[0].length=2833920, planes[0].m.mem_offset=0
camera_open: planes[0].length=2833920, planes[0].m.mem_offset=2834432
camera_open: planes[0].length=2833920, planes[0].m.mem_offset=5668864
camera_open: planes[0].length=2833920, planes[0].m.mem_offset=8503296
camera_open: planes[0].length=2833920, planes[0].m.mem_offset=11337728
camera_open: planes[0].length=2833920, planes[0].m.mem_offset=14172160
camera_open: planes[0].length=2833920, planes[0].m.mem_offset=17006592
camera_open: planes[0].length=2833920, planes[0].m.mem_offset=19841024
camera_open: planes[0].length=2833920, planes[0].m.mem_offset=22675456
camera_open: planes[0].length=2833920, planes[0].m.mem_offset=25509888
[2022-12-12 17:09:00]D/RV1109   [12-12 17:09:00.658] (media_buffer_get_frame:248)get frame end, read_circle_num:26,circle_num:26, userid:4
[camera]: get frame0 successfully
[2022-12-12 17:09:00][camera]: get frame1 successfully
D/face3d   [12-12 17:09:00.739] (yd_face_recognize:267)1670864940739 ms had finished to capture
authorize check success
[face]: [face_ppl_unlock] is_model_loaded is 1
/home/xia/code_nfs/face_lock/facelock-rv/src/sdk.cpp,4228 [face]: [face_ppl_common_api] sensor_type = 0
/home/xia/code_nfs/face_lock/facelock-rv/src/sdk.cpp,4241 [face]: [face_ppl_common_api] pOrder->nums = 7
/home/xia/code_nfs/face_lock/facelock-rv/src/sdk.cpp,4244 [face]: [face_ppl_common_api] pOrder->nums[0] = 0
authorize check success
/home/xia/code_nfs/face_lock/facelock-rv/src/sdk.cpp,4253 [face]: [face_ppl_common_api] detect and postfilter model load completed !

/home/xia/code_nfs/face_lock/facelock-rv/src/sdk.cpp,1265 [face]: ppl: enterppl_detect
/home/xia/code_nfs/face_lock/facelock-rv/src/sdk.cpp,2855 [face]: [detect] detect type:0
/home/xia/code_nfs/face_lock/facelock-rv/src/sdk.cpp,2864 [face]: [detect] detect_th: 0.250000, pf_th:0.689900
/home/xia/code_nfs/face_lock/facelock-rv/src/sdk.cpp,2869 [face]: [detect] sensor type:0
/home/xia/code_nfs/face_lock/facelock-rv/src/sdk.cpp,2886 [face]: [detect] rect(size=1) is [378.000000, 329.000000, 689.000000, 676.000000]
detect face: 20.708 ms
/home/xia/code_nfs/face_lock/facelock-rv/src/sdk.cpp,1318 [face]: [ppl_detect] distance = 338
[face]: the distance is 338 mm
/home/xia/code_nfs/face_lock/facelock-rv/src/sdk.cpp,1329 [face]: [ppl_detect] detect one face, the origin rect = [372.000000, 318.000000, 682.000000, 665.000000]
/home/xia/code_nfs/face_lock/facelock-rv/src/sdk.cpp,1330 [face]: [ppl_detect] detect one face, the rect = [372, 318, 682, 665]
/home/xia/code_nfs/face_lock/facelock-rv/src/sdk.cpp,1399 [face]: [ppl_detect] face distance ok!
/home/xia/code_nfs/face_lock/facelock-rv/src/sdk.cpp,1456 [face]: [ppl_detect] face state ok!
/home/xia/code_nfs/face_lock/facelock-rv/src/sdk.cpp,4244 [face]: [face_ppl_common_api] pOrder->nums[1] = 4
authorize check success
/home/xia/code_nfs/face_lock/facelock-rv/src/sdk.cpp,4244 [face]: [face_ppl_common_api] pOrder->nums[2] = 1
authorize check success
/home/xia/code_nfs/face_lock/facelock-rv/src/sdk.cpp,1464 [face]: ppl: enter ppl_luma
/home/xia/code_nfs/face_lock/facelock-rv/src/sdk.cpp,1479 [face]: [ppl_luma] face_luma = 94
/home/xia/code_nfs/face_lock/facelock-rv/src/sdk.cpp,1483 [face]: [ppl_luma] start call face_ae_cb, face_luma = 94, rect is [372, 318, 682, 665]
/home/xia/code_nfs/face_lock/facelock-rv/src/sdk.cpp,4244 [face]: [face_ppl_common_api] pOrder->nums[3] = 2
authorize check success
/home/xia/code_nfs/face_lock/facelock-rv/src/sdk.cpp,4264 [face]: [face_ppl_common_api] pb model load completed!

/home/xia/code_nfs/face_lock/facelock-rv/src/sdk.cpp,1524 [face]: [ppl_pb] enter ppl_pb
/home/xia/code_nfs/face_lock/facelock-rv/src/sdk.cpp,2978 [face]: [get_attribute] type = 1, sensor_type = 0
/home/xia/code_nfs/face_lock/facelock-rv/src/sdk.cpp,849 left eye center is [444.7803, 387.7053]

/home/xia/code_nfs/face_lock/facelock-rv/src/sdk.cpp,852 right eye center is [606.6721, 385.4474]

/home/xia/code_nfs/face_lock/facelock-rv/src/sdk.cpp,2993 [face]: [get_attribute] roll = -0.799457, pitch = -7.622121, yaw = 0.000000, blur = 0.012094
pb run:: 4.420 ms
attribute: 5.382 ms
/home/xia/code_nfs/face_lock/facelock-rv/src/sdk.cpp,1572 [face]: [ppl_pb] face pitch:-7.622121, yaw:0.000000, blur:0.012094
/home/xia/code_nfs/face_lock/facelock-rv/src/sdk.cpp,1688 [face]: [ppl_pb] face state ok!
/home/xia/code_nfs/face_lock/facelock-rv/src/sdk.cpp,4244 [face]: [face_ppl_common_api] pOrder->nums[4] = 3
authorize check success
/home/xia/code_nfs/face_lock/facelock-rv/src/sdk.cpp,4272 [face]: [face_ppl_common_api] occ model load completed!

/home/xia/code_nfs/face_lock/facelock-rv/src/sdk.cpp,1706 [face]: ppl: enter ppl_occ
/home/xia/code_nfs/face_lock/facelock-rv/src/sdk.cpp,2978 [face]: [get_attribute] type = 2, sensor_type = 0
/home/xia/code_nfs/face_lock/facelock-rv/src/sdk.cpp,2999 [face]: [get_attribute] lefe_eye occ = [0.000236, 0.971191, 0.023300, 0.000347, 0.005043]
/home/xia/code_nfs/face_lock/facelock-rv/src/sdk.cpp,3000 [face]: [get_attribute] right_eye occ = [0.000112, 0.823242, 0.012215, 0.002642, 0.161743]
/home/xia/code_nfs/face_lock/facelock-rv/src/sdk.cpp,3001 [face]: [get_attribute] nose occ = [0.999512, 0.000000, 0.000340, 0.000000]
/home/xia/code_nfs/face_lock/facelock-rv/src/sdk.cpp,3002 [face]: [get_attribute] mouth occ = [0.999512, 0.000103, 0.000469, 0.000103]
/home/xia/code_nfs/face_lock/facelock-rv/src/sdk.cpp,3042 [face]: [occlProbability2Status] final left_eye_occ = 1
/home/xia/code_nfs/face_lock/facelock-rv/src/sdk.cpp,3063 [face]: [occlProbability2Status] final right_eye_occ = 1
/home/xia/code_nfs/face_lock/facelock-rv/src/sdk.cpp,3072 E/RV1109   [12-12 17:09:00.808] (miss_send_video_thread:1804)isLiving:0 miss_inited:1
[face]: [occlProbability2Status] nose_occ = 0
/home/xia/code_nfs/face_lock/facelock-rv/src/sdk.cpp,3079 [face]: [occlProbability2Status] mouth_occ = 0
occ run:: 11.136 ms
attribute: 12.108 ms
b"/home/xia/code_nfs/face_lock/facelock-rv/src/sdk.cpp,1794 [face]: [ppl_occ] no occ or 3D mode, so don't need to do second occ check\n"
/home/xia/code_nfs/face_lock/facelock-rv/src/sdk.cpp,1833 [face]: [ppl_occ] face state ok!
/home/xia/code_nfs/face_lock/facelock-rv/src/sdk.cpp,4244 [face]: [face_ppl_common_api] pOrder->nums[5] = 6
authorize check success
/home/xia/code_nfs/face_lock/facelock-rv/src/sdk.cpp,4406 [face]: [face_ppl_common_api] eyeoc model load completed!

/home/xia/code_nfs/face_lock/facelock-rv/src/sdk.cpp,1851 [face]: ppl: enter ppl_eyeoc
/home/xia/code_nfs/face_lock/facelock-rv/src/sdk.cpp,2978 [face]: [get_attribute] type = 3, sensor_type = 0
/home/xia/code_nfs/face_lock/facelock-rv/src/sdk.cpp,3010 [face]: [get_attribute] eyeoc_result.left = 0.002375, eyeoc_result.right = 0.002499
/home/xia/code_nfs/face_lock/facelock-rv/src/sdk.cpp,3016 [face]: [get_attribute] eye_status is close
eye status run:: 4.447 ms
attribute: 5.469 ms
/home/xia/code_nfs/face_lock/facelock-rv/src/sdk.cpp,1891 [face]: [ppl_eyeoc] face_eyeoc_retry_count = 1
/home/xia/code_nfs/face_lock/facelock-rv/src/sdk.cpp,1895 [face]: [ppl_eyeoc] face_eyeoc_abnormal_count = 1
/home/xia/code_nfs/face_lock/facelock-rv/src/sdk.cpp,1922 [face]: [ppl_eyeoc] face state ok!
[RKMEDIA][VENC][Info]:MPP Encoder: force idr frame...
/home/xia/code_nfs/face_lock/facelock-rv/src/sdk.cpp,4244 [face]: [face_ppl_common_api] pOrder->nums[6] = 10
mpp[716]: mpp_enc: send header for codec/prep cfg change
authorize check success
mpp[716]: mpp_enc: send header for codec/prep cfg change
/home/xia/code_nfs/face_lock/facelock-rv/src/sdk.cpp,4377 [face]: [face_ppl_common_api] live ir_3D model load completed!


/home/xia/code_nfs/face_lock/facelock-rv/src/sdk.cpp,4382 [face]: [face_ppl_common_api] live depth model load completed!

/home/xia/code_nfs/face_lock/facelock-rv/src/sdk.cpp,4387 [face]: [face_ppl_common_api] feature model load completed!

/home/xia/code_nfs/face_lock/facelock-rv/src/sdk.cpp,2405 [face]: ppl: enter ppl_identify
extract feature: 13.575 ms
/home/xia/code_nfs/face_lock/facelock-rv/src/sdk.cpp,4048 [face]: [identify_face_v2] book->count: 1
/home/xia/code_nfs/face_lock/facelock-rv/src/sdk.cpp,385 [feat_thres_v2] book_count = 1

/home/xia/code_nfs/face_lock/facelock-rv/src/sdk.cpp,404 [feat_thres_v2] compare_thres = 62.619999

/home/xia/code_nfs/face_lock/facelock-rv/src/sdk.cpp,385 [feat_thres_v2] book_count = 1

/home/xia/code_nfs/face_lock/facelock-rv/src/sdk.cpp,404 [feat_thres_v2] compare_thres = 55.886002

/home/xia/code_nfs/face_lock/facelock-rv/src/sdk.cpp,4064 [face]: [identify_face_v2] compare_thres_irir: 62.619999
/home/xia/code_nfs/face_lock/facelock-rv/src/sdk.cpp,4065 [face]: [identify_face_v2] compare_thres_rgbir: 55.886002
/home/xia/code_nfs/face_lock/facelock-rv/src/sdk.cpp,4066 [face]: [identify_face_v2] m_stranger_threshold_irir: 29.510000
/home/xia/code_nfs/face_lock/facelock-rv/src/sdk.cpp,4067 [face]: [identify_face_v2] m_stranger_threshold_rgbir: 35.419998
/home/xia/code_nfs/face_lock/facelock-rv/src/sdk.cpp,4104 [face]: [identify_face_v2] identify, id: 0, direction: 0, score: 88.916328, th:62.619999
/home/xia/code_nfs/face_lock/facelock-rv/src/sdk.cpp,4129 [face]: [identify_face_v2] face_stranger_count = 0
/home/xia/code_nfs/face_lock/facelock-rv/src/sdk.cpp,4138 [face]: [identify_face_v2] id: 0, th: 62.619999
/home/xia/code_nfs/face_lock/facelock-rv/src/sdk.cpp,4143 [face]: [identify_face_v2] id: 0, score: 88.916328, th: 62.619999
/home/xia/code_nfs/face_lock/facelock-rv/src/sdk.cpp,4154 [face]: [identify_face_v2] enable liveness check
/home/xia/code_nfs/face_lock/facelock-rv/src/sdk.cpp,4166 [face]: [identify_face_v2] m_disable_min_face_check = 1.000000
D/RV1109   [12-12 17:09:00.861] (muxer_work:396)*************muxer file end put_slice*************





/home/xia/code_nfs/face_lock/facelock-rv/src/sdk.cpp,3128 [face]: [check_liveness] liveness ir score: 0.000032, liveness ir th: 0.300000, sensor_type: 0
I/RV1109   [12-12 17:09:00.882] (arch_os_is_memory_enough:844)mem total:314908672, needSize:104857600, free:100782080
E/RV1109   [12-12 17:09:00.882] (record_storage_is_no_space:1203)Total_size = 8388608 KB, freeDisk = 5562904 KB,
D/RV1109   [12-12 17:09:00.883] (get_face_info:761)------check---time_start:1670836135---time_end:1670836139-------------
D/RV1109   [12-12 17:09:00.884] (get_face_info:793)------check------figure_cnt:0-------------
D/RV1109   [12-12 17:09:00.885] (record_list_put_slice:331)record_list_put_slice, slice_index:7,rec_list_one:0xa0d57d90, slice_node_head:0xa0d34090,record_time:1670836107, event_type:46, is_last_slice:0, event_time:1670836131,is_insd:1,path_rec:/userdata/tmp/cloud/camera0/20221212/170855_090851,duration:32
update [UPDATE cloud_record SET IS_LAST_SLICE=0, SLICE_TIME=1670864935, DURATION=32 WHERE SLICE_INDEX = 7 AND FIRST_EVENT_TIME = 1670836111 AND CAMERA_TYPE = 0;]
/home/xia/code_nfs/face_lock/facelock-rv/src/sdk.cpp,3140 [face]: [check_liveness] liveness depth score: 0.000222, liveness depth th: 0.200000, sensor_type: 0
liveness: 49.275 ms
/home/xia/code_nfs/face_lock/facelock-rv/src/sdk.cpp,4176 [face]: [identify_face_v2] disable_dynamic_book = 0
identify_face_v2: 76.237 ms
/home/xia/code_nfs/face_lock/facelock-rv/src/sdk.cpp,2455 [face]: [ppl_identify] sensor_type = 0, result->iden.id = 0
mi_upload_get_recording_file check,first_event_time:1670836111--offset:7----
b"insert [INSERT INTO fileid_record (FIRST_EVENT_TIME, CAMERA_TYPE, FILE_ID, SLICE_DEL_FLAG, OFFSET, UPLOAD_OFFSET, FIGURE_CNT, FACE_INFOS) VALUES (1670836111, 0, '', 0, 7, 0, 0, '');]\n"
D/RV1109   [12-12 17:09:00.907] (encrypt_cloud_file:207)/userdata/tmp/cloud/camera0/20221212/170855_090851.mp4 encrypt to /tmp/encryptRec/1670864935_0.mp4, fileSize 369486
/home/xia/code_nfs/face_lock/facelock-rv/src/sdk.cpp,2517 [face]: [ppl_identify] face identify ok!
auth check finished
authorize check success
[face]: search is_valid success with loop=0......
[face]: recognize successfully with yd_id=0 id=0......
D/face3d   [12-12 17:09:00.912] (yd_face_recognize:272)1670864940912 ms had finished to recognize
D/face3d   [12-12 17:09:00.914] (yd_face_status_report:361)yd_face_status_report key:3 result:2
I/lock_media [12-12 17:09:00.914] (uart_trans_add_contex_to_tx_list:46)----- M2L_CMD_RPT_FACE_OPT_RST -----
D/RV1109   [12-12 17:09:00.927] (on_slice_start_callback:1006)--is_slice:1----file_time:1670836139-----------------
I/lock_media [12-12 17:09:00.927] (uart_trans_process_callback_send_func:486)vvvvv M2L_CMD_RPT_FACE_OPT_RST : 0 vvvvv
D/RV1109   [12-12 17:09:00.944] (encrypt_cloud_file:243)file iPaddings 2, to_read_size 846
D/RV1109   [12-12 17:09:00.944] (encrypt_cloud_file:262)total encrylen 369488, filename /userdata/tmp/cloud/camera0/20221212/170855_090851.mp4
D/RV1109   [12-12 17:09:00.961] (power_off:124)[face]: power off system(...) successfully
switch to master 
I/RV1109   [12-12 17:09:00.961] (arch_os_is_memory_enough:844)mem total:314908672, needSize:104857600, free:137728000
D/RV1109   [12-12 17:09:00.969] (is_tmp_memory_enough:830)tmp free:156979200
E/RV1109   [12-12 17:09:00.970] (record_storage_is_no_space:1203)Total_size = 8388608 KB, freeDisk = 5562904 KB,
D/RV1109   [12-12 17:09:00.971] (mi_upload_get_encrypt_data:2211)now get encrypt file index 5, video encrypt name /tmp/encryptRec/1670864935_0.mp4, videoSize 369488, img name :/tmp/encryptRec/1670864935_0.jpg, img size:0
b"insert [INSERT INTO cloud_record (EVENT_START_UTC, RECORD_TIME, FILE_PATH, IS_LAST_SLICE, SLICE_INDEX, SLICE_TIME, DURATION, IS_INSD, HIGH_EVENT_TYPE, FIRST_EVENT_TIME, CAMERA_TYPE, EVENT_TYPES_TIMES) VALUES (1670836135, 1670836107, '/userdata/tmp/cloud/camera0/20221212/170859_090855', 0, 8, 0, 0, 1 ,46 ,1670836111, 0, '');]\n"
D/RV1109   [12-12 17:09:00.973] (record_upload_recording:333)00 file_id 84029445513427968
I/lock_media [12-12 17:09:00.984] (uart_trans_packet_proc_req:161)>>>>> L2M_CMD_RPT_EVENT <<<<<
D/lock_media [12-12 17:09:00.984] (on_msg_rpt_event_proc:432)on_msg_rpt_event_proc type:1 seq_number:125
PAD_RPC[Info]:send_pad_rpc_req->409 send rpc req msg[60]: {"id":58,"method":"notifyEvent","param":{"time":1670836139,"type":46,"uid":256}}
PAD_RPC[Info]:pad_rpc_tx_add_node_to_list->299 timeout_times = 6, retry_cnt = 0, seq=60
PAD_RPC[Info]:pad_rpc_tx_add_node_to_list->313 pad_rpc_tx_list_timer_restart
PAD_RPC[Info]:pad_rpc_tx_list_timer_restart->276 send timer restart!
PAD_COMM_SRV[Info]:send_data_to_pad->1101 flag:0,cli->port:8899
D/RV1109   [12-12 17:09:00.988] (yunding_cat_main:282)msg_id:10201 ota_state=0
[0;32m[I] miio_api: msg_id:22, net_state:4

[0;32m[I] miio_api: miot msg_id:22

[0;32m[I] miio_event: send normal lock event, timestamp:1670836139, method:5, postion:2, keyid:2000, action:2
D/RV1109   [12-12 17:09:00.989] (record_manage_set_event:1483)rec set event type:46, last event type:46

[0;32m[I] operation_executor: ================= event occurred ===============

[0;32m[I] miio_socket: send string : {"id":1580202267,"method":"event_occured","params":{"did":"1038330910","siid":2,"eiid":1020,"tid":125,"arguments":[{"piid":1,"value":2000},{"piid":2,"value":1670836139},{"piid":3,"value":2},{"piid":4,"value":5},{"piid":5,"value":2}]}}

[0;32m[I] operation_executor: ============== event send success ==============

insert cloud res:0
rowid = 8
valuestring = [{"EVENT_TYPE":46,"EVENT_TIME":1670836111},{"EVENT_TYPE":46,"EVENT_TIME":1670836116,"operation-id":256,"operation-method":5,"operation-position":2,"lock-action":2},{"EVENT_TYPE":46,"EVENT_TIME":1670836119,"operation-id":256,"operation-method":5,"operation-position":2,"lock-action":2},{"EVENT_TYPE":46,"EVENT_TIME":1670836124,"operation-id":256,"operation-method":5,"operation-position":2,"lock-action":2},{"EVENT_TYPE":46,"EVENT_TIME":1670836128,"operation-id":256,"operation-method":5,"operation-position":2,"lock-action":2},{"EVENT_TYPE":46,"EVENT_TIME":1670836132,"operation-id":256,"operation-method":5,"operation-position":2,"lock-action":2},{"EVENT_TYPE":46,"EVENT_TIME":1670836137,"operation-id":256,"operation-method":5,"operation-position":2,"lock-action":2}]
update [UPDATE local_record SET EVENT_TYPES_TIMES=\'[{"EVENT_TYPE":0,"EVENT_TIME":1670836111},{"EVENT_TYPE":46,"EVENT_TIME":1670836116,"operation-id":256,"operation-method":5,"operation-position":2,"lock-action":2},{"EVENT_TYPE":46,"EVENT_TIME":1670836119,"operation-id":256,"operation-method":5,"operation-position":2,"lock-action":2},{"EVENT_TYPE":46,"EVENT_TIME":1670836124,"operation-id":256,"operation-method":5,"operation-position":2,"lock-action":2},{"EVENT_TYPE":46,"EVENT_TIME":1670836128,"operation-id":256,"operation-method":5,"operation-position":2,"lock-action":2},{"EVENT_TYPE":46,"EVENT_TIME":1670836132,"operation-id":256,"operation-method":5,"operation-position":2,"lock-action":2},{"EVENT_TYPE":46,"EVENT_TIME":1670836137,"operation-id":256,"operation-method":5,"operation-position":2,"lock-action":2},{"EVENT_TYPE":46,"EVENT_TIME":1670836140,"operation-id":256,"operation-method":5,"operation-position":2,"lock-action":2}]\' WHERE rowid=67;]
rowid = 8
valuestring = [{"EVENT_TYPE":46,"EVENT_TIME":1670836111},{"EVENT_TYPE":46,"EVENT_TIME":1670836116,"operation-id":256,"operation-method":5,"operation-position":2,"lock-action":2},{"EVENT_TYPE":46,"EVENT_TIME":1670836119,"operation-id":256,"operation-method":5,"operation-position":2,"lock-action":2},{"EVENT_TYPE":46,"EVENT_TIME":1670836124,"operation-id":256,"operation-method":5,"operation-position":2,"lock-action":2},{"EVENT_TYPE":46,"EVENT_TIME":1670836128,"operation-id":256,"operation-method":5,"operation-position":2,"lock-action":2},{"EVENT_TYPE":46,"EVENT_TIME":1670836132,"operation-id":256,"operation-method":5,"operation-position":2,"lock-action":2},{"EVENT_TYPE":46,"EVENT_TIME":1670836137,"operation-id":256,"operation-method":5,"operation-position":2,"lock-action":2}]
record_upload_recording get cloud event_types_times = [{"EVENT_TYPE":46,"EVENT_TIME":1670836111},{"EVENT_TYPE":46,"EVENT_TIME":1670836116,"operation-id":256,"operation-method":5,"operation-position":2,"lock-action":2},{"EVENT_TYPE":46,"EVENT_TIME":1670836119,"operation-id":256,"operation-method":5,"operation-position":2,"lock-action":2},{"EVENT_TYPE":46,"EVENT_TIME":1670836124,"operation-id":256,"operation-method":5,"operation-position":2,"lock-action":2},{"EVENT_TYPE":46,"EVENT_TIME":1670836128,"operation-id":256,"operation-method":5,"operation-position":2,"lock-action":2},{"EVENT_TYPE":46,"EVENT_TIME":1670836132,"operation-id":256,"operation-method":5,"operation-position":2,"lock-action":2},{"EVENT_TYPE":46,"EVENT_TIME":1670836137,"operation-id":256,"operation-method":5,"operation-position":2,"lock-action":2}]
PAD_RPC[Info]:handle_pad_rpc_msg->693 rpc type:5 len:53!
D/RV1109   [12-12 17:09:01.016] (record_storage_start_get_file:1038)new_com_types = [{"EVENT_TYPE":46,"EVENT_TIME":1670836111},{"EVENT_TYPE":46,"EVENT_TIME":1670836116,"operation-id":256,"operation-method":5,"operation-position":2,"lock-action":2},{"EVENT_TYPE":46,"EVENT_TIME":1670836119,"operation-id":256,"operation-method":5,"operation-position":2,"lock-action":2},{"EVENT_TYPE":46,"EVENT_TIME":1670836124,"operation-id":256,"operation-method":5,"operation-position":2,"lock-action":2},{"EVENT_TYPE":46,"EVEPAD_RPC[Info]:handle_pad_rpc_ack->604 recv rpc ack msg[60]: {"code":0,"id":58,"method":"notifyEvent","result":{}}
update [UPDATE cloud_record SET EVENT_TYPES_TIMES=\'[{"EVENT_TYPE":46,"EVENT_TIME":1670836111},{"EVENT_TYPE":46,"EVENT_TIME":1670836116,"operation-id":256,"operation-method":5,"operation-position":2,"lock-action":2},{"EVENT_TYPE":46,"EVENT_TIME":1670836119,"operation-id":256,"operation-method":5,"operation-position":2,"lock-action":2},{"EVENT_TYPE":46,"EVENT_TIME":1670836124,"operation-id":256,"operation-method":5,"operation-position":2,"lock-action":2},{"EVENT_TYPE":46,"EVENT_TIME":1670836128,"operation-id":256,"operation-method":5,"operation-position":2,"lock-action":2},{"EVENT_TYPE":46,"EVENT_TIME":1670836132,"operation-id":256,"operation-method":5,"operation-position":2,"lock-action":2},{"EVENT_TYPE":46,"EVENT_TIME":1670836137,"operation-id":256,"operation-method":5,"operation-position":2,"lock-action":2}]\' WHERE rowid=9;]
b"update [UPDATE cloud_record SET EVENT_TYPES_TIMES='(null)' WHERE rowid=9;]\n"
PAD_RPC[Info]:pad_rpc_tx_list_find_node->199 sequence:60 
PAD_RPC[Info]:pad_rpc_tx_list_del_node->176 delete node sequence : 60 
PAD_RPC[Info]:handle_pad_rpc_ack->620 vvvvv method:notifyEvent seq:60 vvvvv
PAD_COMM_SRV[Info]:proc_task->812 ##reslen:0
PAD_COMM_SRV[Info]:proc_task->814 ##res:0_0_0_0_0_0_0_0
D/RV1109   [12-12 17:09:01.042] (http_post_file_req_packet:825)post file req eventType:Unlock, strlen:6
D/RV1109   [12-12 17:09:01.042] (http_post_file_req_packet:835)offset:7, strlen:1
D/RV1109   [12-12 17:09:01.043] (http_post_file_req_packet:890)model:yunlu.door.sd2106, strlen:17
D/RV1109   [12-12 17:09:01.044] (http_post_file_req_packet:901)fileid:84029445513427968, strlen:17
D/RV1109   [12-12 17:09:01.045] (mi_https_write_buf:414)use video encrypt file: /tmp/encryptRec/1670864935_0.mp4
D/RV1109   [12-12 17:09:01.046] (mi_https_write_buf:438)now, writing.. video_size 369488
[0;32m[I] miio_socket: recv string : {"id":1580202267,"result":"ok"}

I/RV1109   [12-12 17:09:01.054] (yd_pm_lock_acquire:135)pm acquire:3 by yd_media_app
[0;32m[I] miio_rpc: rpc ack id: 1580202267

I/RV1109   [12-12 17:09:01.055] (yd_pm_lock_release:151)pm release:2 by yd_media_app
D/RV1109   [12-12 17:09:01.063] (yunding_cat_main:282)msg_id:10025 ota_state=0
D/RV1109   [12-12 17:09:01.063] (av_open:111)muxer file begin, create file /userdata/tmp/cloud/camera0/20221212/170859_090855.mp4 succeeded
D/RV1109   [12-12 17:09:01.064] (record_manage_set_event:1483)rec set event type:0, last event type:46
D/RV1109   [12-12 17:09:01.065] (muxer_work:327)*************muxer file begin, need_switch:0,is_start_muxer:1
in day, do not switch to slave 
[2022-12-12 17:09:00]D/RV1109   [12-12 17:09:01.107] (mi_https_write_buf:463)------------now, writing.. send body
[2022-12-12 17:09:01]D/RV1109   [12-12 17:09:01.178] (power_on:106)[face]: power on system(...) successfully
D/RV1109   [12-12 17:09:01.178] (yd_face_pretreat_thread:169)[face]: arch_timer_reset again
[init]already inited
[2022-12-12 17:09:01][DEBUG] [MX6000_MIPI_SDK] [CheckOn 51]: MX6000 checking on..., try times: 1, chip id: 0x6010
[2022-12-12 17:09:01][miss_vendor_check][720][2022-12-12 17:09:01.293 I] check time diff: 244,now 1670864941,check_timestamp 1670864697,check_interval 80451 
[login_status_thread][76][2022-12-12 17:09:01.294 D] api_info(337 byte): {
"LibType":"c",
"LicenseReq":"Standard",
"Version":"5.0.6.0",
"BuiltDate":"Aug 19 2022 19:28:37",
"MaxNumSess":5,
"MaxNumCh":8,
"SessAliveSec":6,
"P2PPunchRange":3,
"Initialized":"Yes",
"NumSess":0,
"NumRunningConnect":0,
"NumRunningListen":1,
"LastLoginAck":1,
"ServerInfo":"42.157.165.221(121),110.43.39.189(121),110.43.68.140(121)"
}
[2022-12-12 17:09:01][DEBUG] [MX6000_MIPI_SDK] [InitProxy 320]: InitProxy 320 874.236206 500.055481 -39.845085 0.057199[obcdepth]: obc_init  obcops [obcdepth]: stream_tag_t size is 14 [obcdepth]: obc_init  obc_alloc_buffer... [obcdepth]: obc_init  shiftToDepthUpdate... [shift2depth]: z0: 500.055481, baseline: -39.845085,  fx: 874.236206, zpps: 0.571991
[shift2depth]: pconfig->ndispbits = 12 
[shift2depth]: norigindisp : 0
[shift2depth]: ir_pixelsize: 0.000000, ir_focallength: 0.000000
[shift2depth]: complement = 2048
[shift2depth]: mask : 4095
[shift2depth]: config depth maxcutoff : 15000, max_depth: 15000, nPreciseUnit: 10
[obcdepth]: shiftToDepthUpdate ret =  0 [obcdepth]: init orbbec lib: 0.2.1 ok[DEBUG] [MX6000_MIPI_SDK] [DumpParams 179]: Depth parameters:
[DEBUG] [MX6000_MIPI_SDK] [DumpParams 180]: nresw: 2000
[DEBUG] [MX6000_MIPI_SDK] [DumpParams 181]: nresh: 2000
[DEBUG] [MX6000_MIPI_SDK] [DumpParams 182]: z0: 500.055481
[DEBUG] [MX6000_MIPI_SDK] [DumpParams 183]: fx: 874.236206
[DEBUG] [MX6000_MIPI_SDK] [DumpParams 184]: baseline: -39.845085
[DEBUG] [MX6000_MIPI_SDK] [DumpParams 185]: npixels: 12
[DEBUG] [MX6000_MIPI_SDK] [DumpParams 186]: ndispbits: 12
[DEBUG] [MX6000_MIPI_SDK] [DumpParams 187]: nsubdispbits: 4
[DEBUG] [MX6000_MIPI_SDK] [DumpParams 188]: nparamcoeff: 8
[DEBUG] [MX6000_MIPI_SDK] [DumpParams 189]: mipi_packed: 0
[DEBUG] [MX6000_MIPI_SDK] [DumpParams 190]: nPreciseUnit: 10
[DEBUG] [MX6000_MIPI_SDK] [DumpParams 191]: ref_left_extend: 0
[DEBUG] [MX6000_MIPI_SDK] [DumpParams 192]: ndepth_mincutoff: 1
[DEBUG] [MX6000_MIPI_SDK] [DumpParams 193]: ndepth_maxcutoff: 15000
[DEBUG] [MX6000_MIPI_SDK] [DumpParams 194]: enablefilter: 0
[DEBUG] [MX6000_MIPI_SDK] [DumpParams 195]: enable_undistort: 0
[DEBUG] [MX6000_MIPI_SDK] [DumpParams 196]: enablemedianfilter: 1
[DEBUG] [MX6000_MIPI_SDK] [DumpParams 197]: ntransfer_datatype: 12
[DEBUG] [MX6000_MIPI_SDK] [DumpParams 199]: outfmt: 1
[DEBUG] [MX6000_MIPI_SDK] [DumpParams 200]: offset: 0
[DEBUG] [MX6000_MIPI_SDK] [DumpParams 201]: maxdiff: 16
[DEBUG] [MX6000_MIPI_SDK] [DumpParams 202]: nrotation: 0
[DEBUG] [MX6000_MIPI_SDK] [DumpParams 203]: norigindisp: 0
[DEBUG] [MX6000_MIPI_SDK] [DumpParams 204]: nshiftscale: 10
[DEBUG] [MX6000_MIPI_SDK] [DumpParams 205]: nconstshift: 200
[DEBUG] [MX6000_MIPI_SDK] [DumpParams 206]: specklesize: 480
[DEBUG] [MX6000_MIPI_SDK] [DumpParams 207]: ir_pixelsize: 0.000000
[DEBUG] [MX6000_MIPI_SDK] [DumpParams 208]: npixelsizeunit: 1
[DEBUG] [MX6000_MIPI_SDK] [DumpParams 209]: ir_focallength: 0.000000
[DEBUG] [MX6000_MIPI_SDK] [DumpParams 210]: rotateDirection: 0
[DEBUG] [MX6000_MIPI_SDK] [DumpParams 211]: npixelsizefactor: 1
[DEBUG] [MX6000_MIPI_SDK] [Init 218]: REF module: v0.0.0
[DEBUG] [MX6000_MIPI_SDK] [Init 228]: Depth module: v0.2.1
[DEBUG] [MX6000_MIPI_SDK] [Init 229]: Mipi sdk version: v2.2.16
[2022-12-12 17:09:01]PAD_RPC[Info]:pad_rpc_tx_list_timeout_cb->241 tx_list_num is empty, stop timer!
[2022-12-12 17:09:02]D/RV1109   [12-12 17:09:02.164] (mi_https_write_buf:563)remove /tmp/encryptRec/1670864935_0.mp4
D/RV1109   [12-12 17:09:02.164] (mi_upload_rec_file:1955)get video_time 1670836107,lastTs 0,recordDuration 32
D/RV1109   [12-12 17:09:02.165] (http_post_fileinfo_req_packet:1450)cur_index = 5
D/RV1109   [12-12 17:09:02.166] (combain_event_times:1379)combain_event_times unclock operation-id is NULL
D/RV1109   [12-12 17:09:02.167] (http_post_fileinfo_req_packet:1524)extra_info:{"is_over":3,"video_time":1670836107,"push_type":46,"event":[{"type":"Unlock","time":1670836116},{"type":"Unlock","time":1670836119},{"type":"Unlock","time":1670836124},{"type":"Unlock","time":1670836128},{"type":"Unlock","time":1670836132},{"type":"Unlock","time":1670836137}],"unlock":{"operation-id":256,"operation-method":5,"operation-position":2,"lock-action":2},"unlock":{"operation-id":256,"operation-method":5,"operation-posE/RV1109   [12-12 17:09:02.167] (cloud_encrypt_base64:35)cloud_encrypt_base64 len_out error
[2022-12-12 17:09:02]E/RV1109   [12-12 17:09:02.171] (http_post_fileinfo_req_packet:1604)****http_post_fileinfo_req_packet out****param:POST /common/device/v2/meta?iv=ogh8zC19vs9wuhOWqNGisw&signature=OVls_XVaNE194yJrhLaOtiYUckDB_u-CDQzGC9D3CcQ&extraInfo=&meta=FE07OSl-3jcxIIztbGe4frGHKsvpFYHZyJjzRHgljSG0xRKro7G5XgoDD9aRtYgnR95ajc79ZbacX0FR1FnBOyQNBpgyIe7LWF8_ofDlRb8zz0xnVWHQabjhLnOI_J9UFaEUMqBbNmWDahDJU4JXQjGVHt0LRhrhTf4Z0DLI7c8Bv_CKRMu9Lke2ADXNTPD-TtJQIYZ5ecxg5h_uQ9r28HrfFkLynBK-6n5tOOkrsns2zO2Ip4NemqZEjOboeXL3qpsYUEKHdyAhqVrZD/RV1109   [12-12 17:09:02.347] (http_post_fileinfo_response_parse:1319)meta fileinfo response url data decrypt :{"result":"ok","retriable":false,"code":0,"data":{},"description":"\xe6\x88\x90\xe5\x8a\x9f","ts":1670836142951}!
E/RV1109   [12-12 17:09:02.352] (record_storage_remove_record_file:117)remove /userdata/tmp/cloud/camera0/20221212/170855_090851.mp4 file success 
delete [DELETE from cloud_record WHERE EVENT_START_UTC=1670836131 AND SLICE_INDEX=7;]
b"D/RV1109   [12-12 17:09:02.366] (record_storage_rm_empty_folder:482)can't rm today folder [/userdata/tmp/cloud/camera0/20221212]\n"
D/RV1109   [12-12 17:09:02.366] (record_list_del_slice:354)-------------del record time:1670836107, index:7, is_last_slice:0
D/RV1109   [12-12 17:09:02.367] (record_list_del_slice:369)-------------del get record time:1670836107, index:7, is_last_slice:0,slice_node_head:0xa0d34090
D/RV1109   [12-12 17:09:02.368] (mi_upload_onefile:2043)------remove slice time:1670864935, event time:1670836131
D/RV1109   [12-12 17:09:02.369] (mi_upload_onefile:2051)---is_last_ts:0---------ret:-1------
D/RV1109   [12-12 17:09:02.370] (mi_upload_get_encrypt_data:2179)now get encrypt data enter, cur_index:0
[2022-12-12 17:09:04]D/RV1109   [12-12 17:09:04.853] (muxer_work:396)*************muxer file end put_slice*************





I/RV1109   [12-12 17:09:04.868] (arch_os_is_memory_enough:844)mem total:314908672, needSize:104857600, free:137764864
D/RV1109   [12-12 17:09:04.869] (is_tmp_memory_enough:830)tmp free:157351936
D/RV1109   [12-12 17:09:04.870] (get_face_info:761)------check---time_start:1670836139---time_end:1670836143-------------
D/RV1109   [12-12 17:09:04.870] (get_face_info:793)------check------figure_cnt:0-------------
D/RV1109   [12-12 17:09:04.871] (record_list_put_slice:331)record_list_put_slice, slice_index:8,rec_list_one:0xa0d57d90, slice_node_head:0xa0d34090,record_time:1670836107, event_type:46, is_last_slice:0, event_time:1670836135,is_insd:1,path_rec:/userdata/tmp/cloud/camera0/20221212/170859_090855,duration:36
update [UPDATE cloud_record SET IS_LAST_SLICE=0, SLICE_TIME=1670864939, DURATION=36 WHERE SLICE_INDEX = 8 AND FIRST_EVENT_TIME = 1670836111 AND CAMERA_TYPE = 0;]
mi_upload_get_recording_file check,first_event_time:1670836111--offset:8----
------------last node, index:8,head:0xa0d34090
D/RV1109   [12-12 17:09:04.885] (encrypt_cloud_file:207)/userdata/tmp/cloud/camera0/20221212/170859_090855.mp4 encrypt to /tmp/encryptRec/1670864939_0.mp4, fileSize 296887
b"insert [INSERT INTO fileid_record (FIRST_EVENT_TIME, CAMERA_TYPE, FILE_ID, SLICE_DEL_FLAG, OFFSET, UPLOAD_OFFSET, FIGURE_CNT, FACE_INFOS) VALUES (1670836111, 0, '', 0, 8, 0, 0, '');]\n"
[2022-12-12 17:09:04]D/RV1109   [12-12 17:09:04.904] (on_slice_start_callback:1006)--is_slice:1----file_time:1670836143-----------------
D/RV1109   [12-12 17:09:04.908] (encrypt_cloud_file:243)file iPaddings 9, to_read_size 1975
D/RV1109   [12-12 17:09:04.908] (encrypt_cloud_file:262)total encrylen 296896, filename /userdata/tmp/cloud/camera0/20221212/170859_090855.mp4
D/RV1109   [12-12 17:09:04.920] (mi_upload_get_encrypt_data:2211)now get encrypt file index 0, video encrypt name /tmp/encryptRec/1670864939_0.mp4, videoSize 296896, img name :/tmp/encryptRec/1670864939_0.jpg, img size:0
D/RV1109   [12-12 17:09:04.921] (record_upload_recording:333)00 file_id 84029445513427968
rowid = 9
valuestring = (null)
record_upload_recording get cloud event_types_times = (null)
I/RV1109   [12-12 17:09:04.923] (arch_os_is_memory_enough:844)mem total:314908672, needSize:104857600, free:137715712
D/RV1109   [12-12 17:09:04.924] (is_tmp_memory_enough:830)tmp free:157052928
E/RV1109   [12-12 17:09:04.925] (record_storage_is_no_space:1203)Total_size = 8388608 KB, freeDisk = 5562976 KB,
b"insert [INSERT INTO cloud_record (EVENT_START_UTC, RECORD_TIME, FILE_PATH, IS_LAST_SLICE, SLICE_INDEX, SLICE_TIME, DURATION, IS_INSD, HIGH_EVENT_TYPE, FIRST_EVENT_TIME, CAMERA_TYPE, EVENT_TYPES_TIMES) VALUES (1670836139, 1670836107, '/userdata/tmp/cloud/camera0/20221212/170903_090859', 0, 9, 0, 0, 1 ,46 ,1670836111, 0, '');]\n"
D/RV1109   [12-12 17:09:04.933] (http_post_file_req_packet:825)post file req eventType:Unlock, strlen:6
D/RV1109   [12-12 17:09:04.933] (http_post_file_req_packet:835)offset:8, strlen:1
D/RV1109   [12-12 17:09:04.934] (http_post_file_req_packet:890)model:yunlu.door.sd2106, strlen:17
D/RV1109   [12-12 17:09:04.934] (http_post_file_req_packet:901)fileid:84029445513427968, strlen:17
D/RV1109   [12-12 17:09:04.935] (mi_https_write_buf:414)use video encrypt file: /tmp/encryptRec/1670864939_0.mp4
D/RV1109   [12-12 17:09:04.937] (mi_https_write_buf:438)now, writing.. video_size 296896
insert cloud res:0
rowid = 9
valuestring = (null)
D/RV1109   [12-12 17:09:04.941] (record_storage_start_get_file:1038)new_com_types = [(null)]
b"update [UPDATE cloud_record SET EVENT_TYPES_TIMES='(null)' WHERE rowid=10;]\n"
D/RV1109   [12-12 17:09:04.958] (av_open:111)muxer file begin, create file /userdata/tmp/cloud/camera0/20221212/170903_090859.mp4 succeeded
D/RV1109   [12-12 17:09:04.959] (muxer_work:327)*************muxer file begin, need_switch:0,is_start_muxer:1
[2022-12-12 17:09:04]D/RV1109   [12-12 17:09:04.981] (mi_https_write_buf:463)------------now, writing.. send body
[2022-12-12 17:09:05]E/RV1109   [12-12 17:09:05.892] (miss_send_video_thread:1804)isLiving:0 miss_inited:1
[2022-12-12 17:09:05]D/RV1109   [12-12 17:09:05.952] (record_timer_cb:411)record send stop recording, duration:0, rec_timer:33800, max_duration:117000
D/RV1109   [12-12 17:09:05.952] (yunding_cat_main:282)msg_id:10004 ota_state=0
D/RV1109   [12-12 17:09:05.953] (yunding_cat_main:455)-----STOP_RECORDING-----
D/RV1109   [12-12 17:09:05.954] (muxer_stop:463)muxer_stop
D/RV1109   [12-12 17:09:05.954] (muxer_stop:463)muxer_stop
D/RV1109   [12-12 17:09:05.954] (record_manage_stop_record:1315)wait for rec stop, cnt:29
D/RV1109   [12-12 17:09:05.955] (face_stop_thread:1256)face_stop_thread enter!
D/RV1109   [12-12 17:09:05.956] (yd_iva_detect_close:117)[face2d]: yd_iva_detect_close is running
[face2d]: type_running: none
D/RV1109   [12-12 17:09:05.964] (face_stop_thread:1271)face_stop_thread success!
[2022-12-12 17:09:05]D/RV1109   [12-12 17:09:06.041] (muxer_work:396)*************muxer file end put_slice*************





D/RV1109   [12-12 17:09:06.041] (muxer_work:396)*************muxer file end put_slice*************





D/RV1109   [12-12 17:09:06.055] (record_manage_stop_record:1315)wait for rec stop, cnt:28
I/RV1109   [12-12 17:09:06.057] (arch_os_is_memory_enough:844)mem total:314908672, needSize:104857600, free:138858496
D/RV1109   [12-12 17:09:06.058] (is_tmp_memory_enough:830)tmp free:157052928
D/RV1109   [12-12 17:09:06.058] (get_face_info:761)------check---time_start:1670836143---time_end:1670836144-------------
D/RV1109   [12-12 17:09:06.059] (get_face_info:793)------check------figure_cnt:0-------------
D/RV1109   [12-12 17:09:06.060] (record_list_put_slice:331)record_list_put_slice, slice_index:9,rec_list_one:0xa0d57d90, slice_node_head:0xa0d34090,record_time:1670836107, event_type:46, is_last_slice:1, event_time:1670836139,is_insd:1,path_rec:/userdata/tmp/cloud/camera0/20221212/170903_090859,duration:37
update [UPDATE cloud_record SET IS_LAST_SLICE=1, SLICE_TIME=1670864943, DURATION=37 WHERE SLICE_INDEX = 9 AND FIRST_EVENT_TIME = 1670836111 AND CAMERA_TYPE = 0;]
b"insert [INSERT INTO fileid_record (FIRST_EVENT_TIME, CAMERA_TYPE, FILE_ID, SLICE_DEL_FLAG, OFFSET, UPLOAD_OFFSET, FIGURE_CNT, FACE_INFOS) VALUES (1670836111, 0, '', 0, 9, 0, 0, '');]\n"
E/RV1109   [12-12 17:09:06.086] (record_storage_update_local_record_duration:1220)update local duration:/userdata/local/camera0/20221212/170827 37 1670836139 1670836107 46 0 67
update [UPDATE local_record SET DURATION=37, HIGH_EVENT_TYPE=46, EVENT_START_UTC=1670836139 WHERE rowid=67;]
D/RV1109   [12-12 17:09:06.099] (on_slice_end_callback:949)full muxer over, record_time:1670836107, event_type:46, event_time:1670836139, path_rec:/userdata/local/camera0/20221212/170827, duration:37
D/RV1109   [12-12 17:09:06.100] (on_slice_end_callback:956)cur is last slice, slice index:0, event_type:46. end_rec_time:1670836146
[2022-12-12 17:09:06]*****slice_node_head:0xa0d34090********index:9****
mi_upload_get_recording_file check,first_event_time:1670836111--offset:9----
upload list get is NULL
D/RV1109   [12-12 17:09:06.131] (encrypt_cloud_file:207)/userdata/tmp/cloud/camera0/20221212/170903_090859.mp4 encrypt to /tmp/encryptRec/1670864943_0.mp4, fileSize 114724
D/RV1109   [12-12 17:09:06.142] (encrypt_cloud_file:243)file iPaddings 12, to_read_size 36
D/RV1109   [12-12 17:09:06.143] (encrypt_cloud_file:262)total encrylen 114736, filename /userdata/tmp/cloud/camera0/20221212/170903_090859.mp4
I/RV1109   [12-12 17:09:06.155] (yd_pm_lock_release:151)pm release:1 by maincontrol
D/RV1109   [12-12 17:09:06.156] (yunding_cat_main:282)msg_id:10018 ota_state=0
I/lock_media [12-12 17:09:06.156] (uart_trans_add_contex_to_tx_list:46)----- M2L_CMD_SET_PROP -----
I/lock_media [12-12 17:09:06.163] (uart_trans_process_callback_send_func:486)vvvvv M2L_CMD_SET_PROP : 0 vvvvv
D/RV1109   [12-12 17:09:06.178] (face_pretreat_timeout_cb:146)[face]: decide to whether to power off
[2022-12-12 17:09:06]D/RV1109   [12-12 17:09:06.208] (power_off:124)[face]: power off system(...) successfully
switch to master 
[2022-12-12 17:09:06]I/lock_media [12-12 17:09:06.461] (uart_trans_packet_proc_req:161)>>>>> L2M_CMD_RPT_EVENT <<<<<
D/lock_media [12-12 17:09:06.461] (on_msg_rpt_event_proc:432)on_msg_rpt_event_proc type:3 seq_number:0
D/lock_media [12-12 17:09:06.462] (locker_other_event_proc:34)locker_other_event_proc event:0x15 timestamp:1670836145
D/RV1109   [12-12 17:09:06.463] (locker_other_event_proc:106)[event]: 1670836145 s receive and queue ultrasonic event
D/RV1109   [12-12 17:09:06.464] (yunding_cat_main:282)msg_id:10204 ota_state=0
D/RV1109   [12-12 17:09:06.465] (yunding_cat_main:1129)[event]: 1670864946465 ms dequeue ultrasonic event
D/face3d   [12-12 17:09:06.465] (yd_face_recognize_try:409)1670864946465 ms ready to capture and recognize
in day, do not switch to slave 
[2022-12-12 17:09:06]D/RV1109   [12-12 17:09:06.493] (mi_https_write_buf:563)remove /tmp/encryptRec/1670864939_0.mp4
D/RV1109   [12-12 17:09:06.494] (mi_upload_rec_file:1955)get video_time 1670836107,lastTs 0,recordDuration 36
D/RV1109   [12-12 17:09:06.495] (http_post_fileinfo_req_packet:1450)cur_index = 0
D/RV1109   [12-12 17:09:06.495] (http_post_fileinfo_req_packet:1524)extra_info:{"is_over":3,"video_time":1670836107,"push_type":46,"event":[]}, strlen:63
[2022-12-12 17:09:06]E/RV1109   [12-12 17:09:06.497] (http_post_fileinfo_req_packet:1604)****http_post_fileinfo_req_packet out****param:POST /common/device/v2/meta?iv=ogh8zC19vs9wuhOWqNGisw&signature=wEJDtEEEkWcIZSGBKziD9jWc98PUCPTxdrbQ8I_CPZU&extraInfo=W98j4H4br0ty21JwcMCt9d0hoh3Qz1jbpQbkFH7oaM2ezji8X9snBI8hcg2c9-sEdN_epNf44wbOE3K9GC_uag&meta=FE07OSl-3jcxIIztbGe4frGHKsvpFYHZyJjzRHgljSG0xRKro7G5XgoDD9aRtYgnjRcL49ltznKwxUOCDO-BOAYZbQc121m8gliXevtncnjIpYg954ckvX5_zOKgT6x_5WRbRk8-F5SsmO3R73hD3GQM0ziLpq2JoUKF8Nn4cUm2TH_uFyVcIoIAv9D/RV1109   [12-12 17:09:06.576] (power_on:106)[face]: power on system(...) successfully
D/face3d   [12-12 17:09:06.580] (yd_face_recognize_try:415)1670864946580 ms had finished to open laser
[init]already inited
[2022-12-12 17:09:06]D/RV1109   [12-12 17:09:06.636] (http_post_fileinfo_response_parse:1319)meta fileinfo response url data decrypt :{"result":"ok","retriable":false,"code":0,"data":{},"description":"\xe6\x88\x90\xe5\x8a\x9f","ts":1670836147228}!
E/RV1109   [12-12 17:09:06.638] (record_storage_remove_record_file:117)remove /userdata/tmp/cloud/camera0/20221212/170859_090855.mp4 file success 
delete [DELETE from cloud_record WHERE EVENT_START_UTC=1670836135 AND SLICE_INDEX=8;]
b"D/RV1109   [12-12 17:09:06.649] (record_storage_rm_empty_folder:482)can't rm today folder [/userdata/tmp/cloud/camera0/20221212]\n"
D/RV1109   [12-12 17:09:06.650] (record_list_del_slice:354)-------------del record time:1670836107, index:8, is_last_slice:0
D/RV1109   [12-12 17:09:06.651] (record_list_del_slice:369)-------------del get record time:1670836107, index:8, is_last_slice:0,slice_node_head:0xa0d34090
D/RV1109   [12-12 17:09:06.652] (mi_upload_onefile:2043)------remove slice time:1670864939, event time:1670836135
D/RV1109   [12-12 17:09:06.653] (mi_upload_onefile:2051)---is_last_ts:0---------ret:-1------
D/RV1109   [12-12 17:09:06.654] (mi_upload_get_encrypt_data:2179)now get encrypt data enter, cur_index:1
D/RV1109   [12-12 17:09:06.654] (mi_upload_get_encrypt_data:2211)now get encrypt file index 1, video encrypt name /tmp/encryptRec/1670864943_0.mp4, videoSize 114736, img name :/tmp/encryptRec/1670864943_0.jpg, img size:0
D/RV1109   [12-12 17:09:06.656] (record_upload_recording:333)00 file_id 84029445513427968
rowid = 10
valuestring = (null)
record_upload_recording get cloud event_types_times = (null)
[DEBUG] [MX6000_MIPI_SDK] [CheckOn 51]: MX6000 checking on..., try times: 1, chip id: 0x6010
D/RV1109   [12-12 17:09:06.662] (http_post_file_req_packet:825)post file req eventType:Unlock, strlen:6
D/RV1109   [12-12 17:09:06.662] (http_post_file_req_packet:835)offset:9, strlen:1
D/RV1109   [12-12 17:09:06.663] (http_post_file_req_packet:890)model:yunlu.door.sd2106, strlen:17
D/RV1109   [12-12 17:09:06.664] (http_post_file_req_packet:901)fileid:84029445513427968, strlen:17
D/RV1109   [12-12 17:09:06.664] (mi_https_write_buf:414)use video encrypt file: /tmp/encryptRec/1670864943_0.mp4
D/RV1109   [12-12 17:09:06.666] (mi_https_write_buf:438)now, writing.. video_size 114736
D/RV1109   [12-12 17:09:06.683] (mi_https_write_buf:463)------------now, writing.. send body
[2022-12-12 17:09:06][DEBUG] [MX6000_MIPI_SDK] [InitProxy 320]: InitProxy 320 874.236206 500.055481 -39.845085 0.057199[obcdepth]: obc_init  obcops [obcdepth]: stream_tag_t size is 14 [obcdepth]: obc_init  obc_alloc_buffer... [obcdepth]: obc_init  shiftToDepthUpdate... [shift2depth]: z0: 500.055481, baseline: -39.845085,  fx: 874.236206, zpps: 0.571991
[shift2depth]: pconfig->ndispbits = 12 
[shift2depth]: norigindisp : 0
[shift2depth]: ir_pixelsize: 0.000000, ir_focallength: 0.000000
[shift2depth]: complement = 2048
[shift2depth]: mask : 4095
[shift2depth]: config depth maxcutoff : 15000, max_depth: 15000, nPreciseUnit: 10
[obcdepth]: shiftToDepthUpdate ret =  0 [obcdepth]: init orbbec lib: 0.2.1 ok[DEBUG] [MX6000_MIPI_SDK] [DumpParams 179]: Depth parameters:
[DEBUG] [MX6000_MIPI_SDK] [DumpParams 180]: nresw: 2000
[DEBUG] [MX6000_MIPI_SDK] [DumpParams 181]: nresh: 2000
[DEBUG] [MX6000_MIPI_SDK] [DumpParams 182]: z0: 500.055481
[DEBUG] [MX6000_MIPI_SDK] [DumpParams 183]: fx: 874.236206
[DEBUG] [MX6000_MIPI_SDK] [DumpParams 184]: baseline: -39.845085
[DEBUG] [MX6000_MIPI_SDK] [DumpParams 185]: npixels: 12
[DEBUG] [MX6000_MIPI_SDK] [DumpParams 186]: ndispbits: 12
[DEBUG] [MX6000_MIPI_SDK] [DumpParams 187]: nsubdispbits: 4
[DEBUG] [MX6000_MIPI_SDK] [DumpParams 188]: nparamcoeff: 8
[DEBUG] [MX6000_MIPI_SDK] [DumpParams 189]: mipi_packed: 0
[DEBUG] [MX6000_MIPI_SDK] [DumpParams 190]: nPreciseUnit: 10
[DEBUG] [MX6000_MIPI_SDK] [DumpParams 191]: ref_left_extend: 0
[DEBUG] [MX6000_MIPI_SDK] [DumpParams 192]: ndepth_mincutoff: 1
[DEBUG] [MX6000_MIPI_SDK] [DumpParams 193]: ndepth_maxcutoff: 15000
[DEBUG] [MX6000_MIPI_SDK] [DumpParams 194]: enablefilter: 0
[DEBUG] [MX6000_MIPI_SDK] [DumpParams 195]: enable_undistort: 0
[DEBUG] [MX6000_MIPI_SDK] [DumpParams 196]: enablemedianfilter: 1
[DEBUG] [MX6000_MIPI_SDK] [DumpParams 197]: ntransfer_datatype: 12
[DEBUG] [MX6000_MIPI_SDK] [DumpParams 199]: outfmt: 1
[DEBUG] [MX6000_MIPI_SDK] [DumpParams 200]: offset: 0
[DEBUG] [MX6000_MIPI_SDK] [DumpParams 201]: maxdiff: 16
[DEBUG] [MX6000_MIPI_SDK] [DumpParams 202]: nrotation: 0
[DEBUG] [MX6000_MIPI_SDK] [DumpParams 203]: norigindisp: 0
[DEBUG] [MX6000_MIPI_SDK] [DumpParams 204]: nshiftscale: 10
[DEBUG] [MX6000_MIPI_SDK] [DumpParams 205]: nconstshift: 200
[DEBUG] [MX6000_MIPI_SDK] [DumpParams 206]: specklesize: 480
[DEBUG] [MX6000_MIPI_SDK] [DumpParams 207]: ir_pixelsize: 0.000000
[DEBUG] [MX6000_MIPI_SDK] [DumpParams 208]: npixelsizeunit: 1
[DEBUG] [MX6000_MIPI_SDK] [DumpParams 209]: ir_focallength: 0.000000
[DEBUG] [MX6000_MIPI_SDK] [DumpParams 210]: rotateDirection: 0
[DEBUG] [MX6000_MIPI_SDK] [DumpParams 211]: npixelsizefactor: 1
[DEBUG] [MX6000_MIPI_SDK] [Init 218]: REF module: v0.0.0
[DEBUG] [MX6000_MIPI_SDK] [Init 228]: Depth module: v0.2.1
[DEBUG] [MX6000_MIPI_SDK] [Init 229]: Mipi sdk version: v2.2.16
get stream_cif_mipi_id0 devname: /dev/video17
camera_open: req.count=10
camera_open: planes[0].length=2833920, planes[0].m.mem_offset=0
camera_open: planes[0].length=2833920, planes[0].m.mem_offset=2834432
camera_open: planes[0].length=2833920, planes[0].m.mem_offset=5668864
camera_open: planes[0].length=2833920, planes[0].m.mem_offset=8503296
camera_open: planes[0].length=2833920, planes[0].m.mem_offset=11337728
camera_open: planes[0].length=2833920, planes[0].m.mem_offset=14172160
camera_open: planes[0].length=2833920, planes[0].m.mem_offset=17006592
camera_open: planes[0].length=2833920, planes[0].m.mem_offset=19841024
camera_open: planes[0].length=2833920, planes[0].m.mem_offset=22675456
camera_open: planes[0].length=2833920, planes[0].m.mem_offset=25509888
[2022-12-12 17:09:06][camera]: get frame0 successfully
[2022-12-12 17:09:06][camera]: get frame1 successfully
D/face3d   [12-12 17:09:06.872] (yd_face_recognize:267)1670864946872 ms had finished to capture
authorize check success
[face]: [face_ppl_unlock] is_model_loaded is 1
/home/xia/code_nfs/face_lock/facelock-rv/src/sdk.cpp,4228 [face]: [face_ppl_common_api] sensor_type = 0
/home/xia/code_nfs/face_lock/facelock-rv/src/sdk.cpp,4241 [face]: [face_ppl_common_api] pOrder->nums = 7
/home/xia/code_nfs/face_lock/facelock-rv/src/sdk.cpp,4244 [face]: [face_ppl_common_api] pOrder->nums[0] = 0
authorize check success
/home/xia/code_nfs/face_lock/facelock-rv/src/sdk.cpp,4253 [face]: [face_ppl_common_api] detect and postfilter model load completed !

/home/xia/code_nfs/face_lock/facelock-rv/src/sdk.cpp,1265 [face]: ppl: enterppl_detect
/home/xia/code_nfs/face_lock/facelock-rv/src/sdk.cpp,2855 [face]: [detect] detect type:0
/home/xia/code_nfs/face_lock/facelock-rv/src/sdk.cpp,2864 [face]: [detect] detect_th: 0.250000, pf_th:0.689900
/home/xia/code_nfs/face_lock/facelock-rv/src/sdk.cpp,2869 [face]: [detect] sensor type:0
/home/xia/code_nfs/face_lock/facelock-rv/src/sdk.cpp,2886 [face]: [detect] rect(size=1) is [380.000000, 342.000000, 688.000000, 675.000000]
detect face: 19.816 ms
/home/xia/code_nfs/face_lock/facelock-rv/src/sdk.cpp,1318 [face]: [ppl_detect] distance = 342
[face]: the distance is 342 mm
/home/xia/code_nfs/face_lock/facelock-rv/src/sdk.cpp,1329 [face]: [ppl_detect] detect one face, the origin rect = [376.000000, 327.000000, 683.000000, 663.000000]
/home/xia/code_nfs/face_lock/facelock-rv/src/sdk.cpp,1330 [face]: [ppl_detect] detect one face, the rect = [376, 327, 683, 663]
/home/xia/code_nfs/face_lock/facelock-rv/src/sdk.cpp,1399 [face]: [ppl_detect] face distance ok!
/home/xia/code_nfs/face_lock/facelock-rv/src/sdk.cpp,1456 [face]: [ppl_detect] face state ok!
/home/xia/code_nfs/face_lock/facelock-rv/src/sdk.cpp,4244 [face]: [face_ppl_common_api] pOrder->nums[1] = 4
authorize check success
/home/xia/code_nfs/face_lock/facelock-rv/src/sdk.cpp,4244 [face]: [face_ppl_common_api] pOrder->nums[2] = 1
authorize check success
/home/xia/code_nfs/face_lock/facelock-rv/src/sdk.cpp,1464 [face]: ppl: enter ppl_luma
/home/xia/code_nfs/face_lock/facelock-rv/src/sdk.cpp,1479 [face]: [ppl_luma] face_luma = 82
/home/xia/code_nfs/face_lock/facelock-rv/src/sdk.cpp,1483 [face]: [ppl_luma] start call face_ae_cb, face_luma = 82, rect is [376, 327, 683, 663]
/home/xia/code_nfs/face_lock/facelock-rv/src/sdk.cpp,4244 [face]: [face_ppl_common_api] pOrder->nums[3] = 2
authorize check success
/home/xia/code_nfs/face_lock/facelock-rv/src/sdk.cpp,4264 [face]: [face_ppl_common_api] pb model load completed!

/home/xia/code_nfs/face_lock/facelock-rv/src/sdk.cpp,1524 [face]: [ppl_pb] enter ppl_pb
/home/xia/code_nfs/face_lock/facelock-rv/src/sdk.cpp,2978 [face]: [get_attribute] type = 1, sensor_type = 0
/home/xia/code_nfs/face_lock/facelock-rv/src/sdk.cpp,849 left eye center is [454.1526, 389.6696]

/home/xia/code_nfs/face_lock/facelock-rv/src/sdk.cpp,852 right eye center is [600.4539, 391.8364]

/home/xia/code_nfs/face_lock/facelock-rv/src/sdk.cpp,2993 [face]: [get_attribute] roll = 0.848941, pitch = -6.236281, yaw = -0.692920, blur = 0.060469
pb run:: 4.486 ms
attribute: 5.440 ms
/home/xia/code_nfs/face_lock/facelock-rv/src/sdk.cpp,1572 [face]: [ppl_pb] face pitch:-6.236281, yaw:-0.692920, blur:0.060469
/home/xia/code_nfs/face_lock/facelock-rv/src/sdk.cpp,1688 [face]: [ppl_pb] face state ok!
/home/xia/code_nfs/face_lock/facelock-rv/src/sdk.cpp,4244 [face]: [face_ppl_common_api] pOrder->nums[4] = 3
authorize check success
/home/xia/code_nfs/face_lock/facelock-rv/src/sdk.cpp,4272 [face]: [face_ppl_common_api] occ model load completed!

/home/xia/code_nfs/face_lock/facelock-rv/src/sdk.cpp,1706 [face]: ppl: enter ppl_occ
/home/xia/code_nfs/face_lock/facelock-rv/src/sdk.cpp,2978 [face]: [get_attribute] type = 2, sensor_type = 0
/home/xia/code_nfs/face_lock/facelock-rv/src/sdk.cpp,2999 [face]: [get_attribute] lefe_eye occ = [0.000178, 0.975098, 0.019333, 0.000562, 0.004604]
/home/xia/code_nfs/face_lock/facelock-rv/src/sdk.cpp,3000 [face]: [get_attribute] right_eye occ = [0.000000, 0.831055, 0.003553, 0.002001, 0.163330]
/home/xia/code_nfs/face_lock/facelock-rv/src/sdk.cpp,3001 [face]: [get_attribute] nose occ = [0.999512, 0.000000, 0.000433, 0.000000]
/home/xia/code_nfs/face_lock/facelock-rv/src/sdk.cpp,3002 [face]: [get_attribute] mouth occ = [0.998535, 0.000383, 0.000859, 0.000256]
/home/xia/code_nfs/face_lock/facelock-rv/src/sdk.cpp,3042 [face]: [occlProbability2Status] final left_eye_occ = 1
/home/xia/code_nfs/face_lock/facelock-rv/src/sdk.cpp,3063 [face]: [occlProbability2Status] final right_eye_occ = 1
/home/xia/code_nfs/face_lock/facelock-rv/src/sdk.cpp,3072 [face]: [occlProbability2Status] nose_occ = 0
/home/xia/code_nfs/face_lock/facelock-rv/src/sdk.cpp,3079 [face]: [occlProbability2Status] mouth_occ = 0
occ run:: 10.548 ms
attribute: 11.526 ms
b"/home/xia/code_nfs/face_lock/facelock-rv/src/sdk.cpp,1794 [face]: [ppl_occ] no occ or 3D mode, so don't need to do second occ check\n"
/home/xia/code_nfs/face_lock/facelock-rv/src/sdk.cpp,1833 [face]: [ppl_occ] face state ok!
/home/xia/code_nfs/face_lock/facelock-rv/src/sdk.cpp,4244 [face]: [face_ppl_common_api] pOrder->nums[5] = 6
authorize check success
/home/xia/code_nfs/face_lock/facelock-rv/src/sdk.cpp,4406 [face]: [face_ppl_common_api] eyeoc model load completed!

/home/xia/code_nfs/face_lock/facelock-rv/src/sdk.cpp,1851 [face]: ppl: enter ppl_eyeoc
/home/xia/code_nfs/face_lock/facelock-rv/src/sdk.cpp,2978 [face]: [get_attribute] type = 3, sensor_type = 0
/home/xia/code_nfs/face_lock/facelock-rv/src/sdk.cpp,3010 [face]: [get_attribute] eyeoc_result.left = 0.984863, eyeoc_result.right = 0.987305
/home/xia/code_nfs/face_lock/facelock-rv/src/sdk.cpp,3013 [face]: [get_attribute] eye_status is open
eye status run:: 4.259 ms
attribute: 5.259 ms
/home/xia/code_nfs/face_lock/facelock-rv/src/sdk.cpp,1891 [face]: [ppl_eyeoc] face_eyeoc_retry_count = 1
/home/xia/code_nfs/face_lock/facelock-rv/src/sdk.cpp,1922 [face]: [ppl_eyeoc] face state ok!
/home/xia/code_nfs/face_lock/facelock-rv/src/sdk.cpp,4244 [face]: [face_ppl_common_api] pOrder->nums[6] = 10
authorize check success
/home/xia/code_nfs/face_lock/facelock-rv/src/sdk.cpp,4377 [face]: [face_ppl_common_api] live ir_3D model load completed!

/home/xia/code_nfs/face_lock/facelock-rv/src/sdk.cpp,4382 [face]: [face_ppl_common_api] live depth model load completed!

/home/xia/code_nfs/face_lock/facelock-rv/src/sdk.cpp,4387 [face]: [face_ppl_common_api] feature model load completed!

/home/xia/code_nfs/face_lock/facelock-rv/src/sdk.cpp,2405 [face]: ppl: enter ppl_identify
extract feature: 13.647 ms
/home/xia/code_nfs/face_lock/facelock-rv/src/sdk.cpp,4048 [face]: [identify_face_v2] book->count: 1
/home/xia/code_nfs/face_lock/facelock-rv/src/sdk.cpp,385 [feat_thres_v2] book_count = 1

/home/xia/code_nfs/face_lock/facelock-rv/src/sdk.cpp,404 [feat_thres_v2] compare_thres = 62.619999

/home/xia/code_nfs/face_lock/facelock-rv/src/sdk.cpp,385 [feat_thres_v2] book_count = 1

/home/xia/code_nfs/face_lock/facelock-rv/src/sdk.cpp,404 [feat_thres_v2] compare_thres = 55.886002

/home/xia/code_nfs/face_lock/facelock-rv/src/sdk.cpp,4064 [face]: [identify_face_v2] compare_thres_irir: 62.619999
/home/xia/code_nfs/face_lock/facelock-rv/src/sdk.cpp,4065 [face]: [identify_face_v2] compare_thres_rgbir: 55.886002
/home/xia/code_nfs/face_lock/facelock-rv/src/sdk.cpp,4066 [face]: [identify_face_v2] m_stranger_threshold_irir: 29.510000
/home/xia/code_nfs/face_lock/facelock-rv/src/sdk.cpp,4067 [face]: [identify_face_v2] m_stranger_threshold_rgbir: 35.419998
/home/xia/code_nfs/face_lock/facelock-rv/src/sdk.cpp,4104 [face]: [identify_face_v2] identify, id: 0, direction: 0, score: 89.598129, th:62.619999
/home/xia/code_nfs/face_lock/facelock-rv/src/sdk.cpp,4129 [face]: [identify_face_v2] face_stranger_count = 0
/home/xia/code_nfs/face_lock/facelock-rv/src/sdk.cpp,4138 [face]: [identify_face_v2] id: 0, th: 62.619999
/home/xia/code_nfs/face_lock/facelock-rv/src/sdk.cpp,4143 [face]: [identify_face_v2] id: 0, score: 89.598129, th: 62.619999
/home/xia/code_nfs/face_lock/facelock-rv/src/sdk.cpp,4154 [face]: [identify_face_v2] enable liveness check
/home/xia/code_nfs/face_lock/facelock-rv/src/sdk.cpp,4166 [face]: [identify_face_v2] m_disable_min_face_check = 1.000000
/home/xia/code_nfs/face_lock/facelock-rv/src/sdk.cpp,3128 [face]: [check_liveness] liveness ir score: 0.000034, liveness ir th: 0.300000, sensor_type: 0
[2022-12-12 17:09:06]/home/xia/code_nfs/face_lock/facelock-rv/src/sdk.cpp,3140 [face]: [check_liveness] liveness depth score: 0.000245, liveness depth th: 0.200000, sensor_type: 0
liveness: 45.455 ms
/home/xia/code_nfs/face_lock/facelock-rv/src/sdk.cpp,4176 [face]: [identify_face_v2] disable_dynamic_book = 0
identify_face_v2: 72.486 ms
/home/xia/code_nfs/face_lock/facelock-rv/src/sdk.cpp,2455 [face]: [ppl_identify] sensor_type = 0, result->iden.id = 0
/home/xia/code_nfs/face_lock/facelock-rv/src/sdk.cpp,2517 [face]: [ppl_identify] face identify ok!
auth check finished
authorize check success
[face]: search is_valid success with loop=0......
[face]: recognize successfully with yd_id=0 id=0......
D/face3d   [12-12 17:09:07.034] (yd_face_recognize:272)1670864947034 ms had finished to recognize
D/face3d   [12-12 17:09:07.036] (yd_face_status_report:361)yd_face_status_report key:3 result:2
I/lock_media [12-12 17:09:07.036] (uart_trans_add_contex_to_tx_list:46)----- M2L_CMD_RPT_FACE_OPT_RST -----
I/lock_media [12-12 17:09:07.049] (uart_trans_process_callback_send_func:486)vvvvv M2L_CMD_RPT_FACE_OPT_RST : 0 vvvvv
[2022-12-12 17:09:06]D/RV1109   [12-12 17:09:07.083] (power_off:124)[face]: power off system(...) successfully
switch to master 
[2022-12-12 17:09:08]D/RV1109   [12-12 17:09:08.845] (mi_https_write_buf:563)remove /tmp/encryptRec/1670864943_0.mp4
D/RV1109   [12-12 17:09:08.845] (mi_upload_rec_file:1955)get video_time 1670836107,lastTs 1,recordDuration 37
D/RV1109   [12-12 17:09:08.846] (http_post_fileinfo_req_packet:1450)cur_index = 1
D/RV1109   [12-12 17:09:08.847] (http_post_fileinfo_req_packet:1524)extra_info:{"is_over":2,"video_duration":37,"video_time":1670836107,"push_type":46,"event":[]}, strlen:83
[2022-12-12 17:09:08]E/RV1109   [12-12 17:09:08.848] (http_post_fileinfo_req_packet:1604)****http_post_fileinfo_req_packet out****param:POST /common/device/v2/meta?iv=ogh8zC19vs9wuhOWqNGisw&signature=QG3RN_V8NXhU7cyHKrOorZwHiQs3gY1JwVRmMCaj89M&extraInfo=VLYaxjvN7x2D9gWomwTjz2U9VbnfGkAvRGtnFtXJjM08Ij8ezPNOSLzFQxzFzWswkiFEmrCM5Gb_TaMzNVpFfX12w5m1igbc-G7stPKISH9erN-e8z6LOdMBhos2zfZ8&meta=FE07OSl-3jcxIIztbGe4frGHKsvpFYHZyJjzRHgljSG0xRKro7G5XgoDD9aRtYgnu__qPXqS0z_1M87Jfswy_lZ75HsSfq1tBun8ESLAYxNWDCIdxFjcdZHhgJkgUh52qy4bXh0ZFQTqYCg_D/RV1109   [12-12 17:09:09.041] (http_post_fileinfo_response_parse:1319)meta fileinfo response url data decrypt :{"result":"ok","retriable":false,"code":0,"data":{},"description":"\xe6\x88\x90\xe5\x8a\x9f","ts":1670836149645}!
E/RV1109   [12-12 17:09:09.046] (record_storage_remove_record_file:117)remove /userdata/tmp/cloud/camera0/20221212/170903_090859.mp4 file success 
delete [DELETE from cloud_record WHERE EVENT_START_UTC=1670836139 AND SLICE_INDEX=9;]
b"D/RV1109   [12-12 17:09:09.061] (record_storage_rm_empty_folder:482)can't rm today folder [/userdata/tmp/cloud/camera0/20221212]\n"
D/RV1109   [12-12 17:09:09.061] (record_list_del_slice:354)-------------del record time:1670836107, index:9, is_last_slice:1
D/RV1109   [12-12 17:09:09.063] (record_list_del_slice:369)-------------del get record time:1670836107, index:9, is_last_slice:1,slice_node_head:0xa0d34090
D/RV1109   [12-12 17:09:09.064] (record_list_del_slice:372)free slice list head,slice_node_head:0xa0d34090
D/RV1109   [12-12 17:09:09.065] (record_list_del_slice:376)free rec list one, rec_list_one:0xa0d57d90
D/RV1109   [12-12 17:09:09.065] (mi_upload_onefile:2043)------remove slice time:1670864943, event time:1670836139
D/RV1109   [12-12 17:09:09.066] (mi_upload_onefile:2051)---is_last_ts:1---------ret:-1------
D/RV1109   [12-12 17:09:09.067] (record_upload_recording:360)ready to start upload new record!!!
[2022-12-12 17:09:09]PAD_RPC[Info]:handle_pad_rpc_msg->693 rpc type:4 len:177!
PAD_RPC[Info]:handle_pad_rpc_req->538 recv rpc req msg[37]: {"id":37,"method":"passThrough","param":{"from":"PAD","raw":"{\\"method\\":\\"_sync.getsettingv2\\",\\"params\\":{\\"did\\":\\"1038330910\\",\\"prefix_filter\\":\\"member_\\"}}","to":"MIOT"}}
PAD_COMMON_INFO[Info]:pad_bypass_req_handler->243 bypass msg from[PAD]!
PAD_COMMON_INFO[Info]:pad_bypass_req_handler->250 bypass msg to[MIOT]!
D/RV1109   [12-12 17:09:09.693] (yunding_cat_main:282)msg_id:10085 ota_state=0
[0;32m[I] miio_api: msg_id:26, net_state:4

[0;32m[I] miio_api: miot msg_id:26

[0;32m[I] miio_rpc: pad bypass rpc REQ(88, 37):{"method":"_sync.getsettingv2","params":{"did":"1038330910","prefix_filter":"member_"}}
[0;32m[I] miio_socket: send string : {"method":"_sync.getsettingv2","params":{"did":"1038330910","prefix_filter":"member_"},"id":2066177262}

[2022-12-12 17:09:09][0;32m[I] miio_socket: recv string : {"id":2066177262,"result":{"settings":{"member_256":"{\\"memberId\\":256,\\"createTime\\":1670834802,\\"deleteTime\\":-1,\\"name\\":\\"\xe6\x88\x91\\",\\"isAdmin\\":true,\\"type\\":\\"admin\\",\\"index\\":\\"member_256\\",\\"language\\":\\"zh\\",\\"keys\\":[]}"},"last_id":4231848150,"is_last_page":false}}

I/RV1109   [12-12 17:09:09.781] (yd_pm_lock_acquire:135)pm acquire:2 by yd_media_app
[0;32m[I] miio_rpc: rpc ack id: 2066177262

[0;32m[I] miio_rpc: pad bypass rpc result ack

D/RV1109   [12-12 17:09:09.782] (yunding_cat_main:282)msg_id:10086 ota_state=0
I/RV1109   [12-12 17:09:09.783] (yd_pm_lock_release:151)pm release:1 by yd_media_app
PAD_RPC[Info]:send_pad_rpc_ack->439 send rpc ack msg[37]: {"id":37,"code":0,"method":"passThrough","result":{"from":"MIOT","to":"PAD","raw":"{\\"id\\":2066177262,\\"result\\":{\\"settings\\":{\\"member_256\\":\\"{\\\\\\"memberId\\\\\\":256,\\\\\\"createTime\\\\\\":1670834802,\\\\\\"deleteTime\\\\\\":-1,\\\\\\"name\\\\\\":\\\\\\"\xe6\x88\x91\\\\\\",\\\\\\"isAdmin\\\\\\":true,\\\\\\"type\\\\\\":\\\\\\"admin\\\\\\",\\\\\\"index\\\\\\":\\\\\\"member_256\\\\\\",\\\\\\"language\\\\\\":\\\\\\"zh\\\\\\",\\\\\\"keys\\\\\\":[]}\\"},\\"last_id\\":4231848150,\\"is_last_page\\":false}}"}}
PAD_COMM_SRV[Info]:send_data_to_pad->1101 flag:0,cli->port:8899
RTSPServer::Accept local[192.168.42.10] port[10754].
Accept ======>sock=184 uiClientIP = 192.168.42.11, usClinetPort = 38204 media_port=24400
D/RV1109   [12-12 17:09:09.799] (run:65)##################------------------------> before create new session.
I/RV1109   [12-12 17:09:09.800] (ING_Rtsp_Session:14)ING_Rtsp_Session constructor.

Recv RTSP Req:
OPTIONS rtsp://192.168.42.10:554 RTSP/1.0
CSeq: 1
User-Agent: Lavf58.12.100



Send RTSP Rsp:
RTSP/1.0 200 OK
CSeq: 1
Server: Ingenic Rtsp Server
Public: OPTIONS, DESCRIBE, PLAY, PAUSE, SETUP, TEARDOWN



Recv RTSP Req:
DESCRIBE rtsp://192.168.42.10:554 RTSP/1.0
Accept: application/sdp
CSeq: 2
User-Agent: Lavf58.12.100



Send RTSP Rsp:

D/RV1109   [12-12 17:09:09.814] (handle_session_create:98)ING_Controller::handle_session_create..
D/RV1109   [12-12 17:09:09.814] (run:120)ING_RtspServer::run() RTSP_AddVideoTrack

Send RTSP Rsp:
RTSP/1.0 200 OK
CSeq: 2
Content-Base: rtsp://192.168.42.10:554
Content-Type: application/sdp
Content-Length: 203

v=0
o=- 91609749168 1 IN IP4 192.168.42.10
t=0 0
a=control:*
a=type:broadcast
m=video 0 RTP/AVP 96
c=IN IP4 0.0.0.0
a=rtpmap:96 H265/90000
a=fmtp:96 packetization-mode=1;
a=control:trackID=0



Recv RTSP Req:
SETUP rtsp://192.168.42.10:554/trackID=0 RTSP/1.0
Transport: RTP/AVP/UDP;unicast;client_port=24466-24467
CSeq: 3
User-Agent: Lavf58.12.100


RTSP Req Setup transmode = RTP/AVP/UDP

AnalyseSetup!!!! nTrackID=0 nVideoTrackID=0 nAudioTrackID=-1

Send RTSP Rsp:
RTSP/1.0 200 OK
CSeq: 3
Session: 1331670864949;timeout=60
Transport: RTP/AVP;unicast;destination=192.168.42.11;client_port=24466-24467;source=192.168.42.10;server_port=24404-24405;mode="play"



Recv RTSP Req:
PLAY rtsp://192.168.42.10:554 RTSP/1.0
Range: npt=0.000-
CSeq: 4
User-Agent: Lavf58.12.100
Session: 1331670864949


[../../RTSPComponent/RTSPSession.cpp]: RTSPSession::AnalysePlay()

Send RTSP Rsp:
RTSP/1.0 200 OK
CSeq: 4
Session: 1331670864949
Range: npt=0.000-
RTP-Info: url=rtsp://192.168.42.10:554;seq=0;rtptime=0
Date: Mon, 12 Dec 2022 17:09:09 GMT


D/RV1109   [12-12 17:09:09.843] (handle_session_established:110)ING_Controller::handle_session_established..
D/RV1109   [12-12 17:09:09.844] (handle_session_control:125)ING_Controller::handle_session_control..opt = 2
D/RV1109   [12-12 17:09:09.844] (handle_session_control:146)ING_Controller::new ING_Stream_Vdo mode=0! LocalPort=24404, clientIP=192.168.42.11, clientPort=24466
D/RV1109   [12-12 17:09:09.846] (ING_Stream_Vdo:53)ING_Stream_Vdo constructor in UDP Mode. port=24404, remote_ip=192.168.42.11, remote_port=24466 payload=96
D/RV1109   [12-12 17:09:09.847] (ING_Stream_Vdo:59)================================>ING_Stream_Vdo constructor RTSP_UDPBind Success port=24404
D/RV1109   [12-12 17:09:09.848] (add_stream:135)reset buffer,now fast update
